[    0.000000] Initializing cgroup subsys cpuset
[    0.000000] Initializing cgroup subsys cpu
[    0.000000] Initializing cgroup subsys cpuacct
[    0.000000] Linux version 4.4.0-184-generic (buildd@lgw01-amd64-060) (gcc version 5.4.0 20160609 (Ubuntu 5.4.0-6ubuntu1~16.04.12) ) #214-Ubuntu SMP Thu Jun 4 10:14:11 UTC 2020 (Ubuntu 4.4.0-184.214-generic 4.4.223)
[    0.000000] Command line: BOOT_IMAGE=/boot/vmlinuz-4.4.0-184-generic root=UUID=f44ca91b-a79a-49f5-91f4-76a5443bac81 ro console=tty1 console=ttyS0
[    0.000000] KERNEL supported cpus:
[    0.000000]   Intel GenuineIntel
[    0.000000]   AMD AuthenticAMD
[    0.000000]   Centaur CentaurHauls
[    0.000000] x86/fpu: xstate_offset[2]:  576, xstate_sizes[2]:  256
[    0.000000] x86/fpu: Supporting XSAVE feature 0x01: 'x87 floating point registers'
[    0.000000] x86/fpu: Supporting XSAVE feature 0x02: 'SSE registers'
[    0.000000] x86/fpu: Supporting XSAVE feature 0x04: 'AVX registers'
[    0.000000] x86/fpu: Enabled xstate features 0x7, context size is 832 bytes, using 'standard' format.
[    0.000000] e820: BIOS-provided physical RAM map:
[    0.000000] BIOS-e820: [mem 0x0000000000000000-0x000000000009fbff] usable
[    0.000000] BIOS-e820: [mem 0x000000000009fc00-0x000000000009ffff] reserved
[    0.000000] BIOS-e820: [mem 0x00000000000f0000-0x00000000000fffff] reserved
[    0.000000] BIOS-e820: [mem 0x0000000000100000-0x000000003ffeffff] usable
[    0.000000] BIOS-e820: [mem 0x000000003fff0000-0x000000003fffffff] ACPI data
[    0.000000] BIOS-e820: [mem 0x00000000fec00000-0x00000000fec00fff] reserved
[    0.000000] BIOS-e820: [mem 0x00000000fee00000-0x00000000fee00fff] reserved
[    0.000000] BIOS-e820: [mem 0x00000000fffc0000-0x00000000ffffffff] reserved
[    0.000000] NX (Execute Disable) protection: active
[    0.000000] SMBIOS 2.5 present.
[    0.000000] Hypervisor detected: KVM
[    0.000000] e820: last_pfn = 0x3fff0 max_arch_pfn = 0x400000000
[    0.000000] MTRR: Disabled
[    0.000000] x86/PAT: MTRRs disabled, skipping PAT initialization too.
[    0.000000] CPU MTRRs all blank - virtualized system.
[    0.000000] x86/PAT: Configuration [0-7]: WB  WT  UC- UC  WB  WT  UC- UC  
[    0.000000] found SMP MP-table at [mem 0x0009fff0-0x0009ffff] mapped at [ffff88000009fff0]
[    0.000000] Scanning 1 areas for low memory corruption
[    0.000000] RAMDISK: [mem 0x361ca000-0x370dcfff]
[    0.000000] ACPI: Early table checksum verification disabled
[    0.000000] ACPI: RSDP 0x00000000000E0000 000024 (v02 VBOX  )
[    0.000000] ACPI: XSDT 0x000000003FFF0030 00003C (v01 VBOX   VBOXXSDT 00000001 ASL  00000061)
[    0.000000] ACPI: FACP 0x000000003FFF00F0 0000F4 (v04 VBOX   VBOXFACP 00000001 ASL  00000061)
[    0.000000] ACPI: DSDT 0x000000003FFF0470 0022EA (v02 VBOX   VBOXBIOS 00000002 INTL 20100528)
[    0.000000] ACPI: FACS 0x000000003FFF0200 000040
[    0.000000] ACPI: FACS 0x000000003FFF0200 000040
[    0.000000] ACPI: APIC 0x000000003FFF0240 00005C (v02 VBOX   VBOXAPIC 00000001 ASL  00000061)
[    0.000000] ACPI: SSDT 0x000000003FFF02A0 0001CC (v01 VBOX   VBOXCPUT 00000002 INTL 20100528)
[    0.000000] No NUMA configuration found
[    0.000000] Faking a node at [mem 0x0000000000000000-0x000000003ffeffff]
[    0.000000] NODE_DATA(0) allocated [mem 0x3ffeb000-0x3ffeffff]
[    0.000000] kvm-clock: Using msrs 4b564d01 and 4b564d00
[    0.000000] kvm-clock: cpu 0, msr 0:3ffe3001, primary cpu clock
[    0.000000] kvm-clock: using sched offset of 4467939185 cycles
[    0.000000] clocksource: kvm-clock: mask: 0xffffffffffffffff max_cycles: 0x1cd42e4dffb, max_idle_ns: 881590591483 ns
[    0.000000] Zone ranges:
[    0.000000]   DMA      [mem 0x0000000000001000-0x0000000000ffffff]
[    0.000000]   DMA32    [mem 0x0000000001000000-0x000000003ffeffff]
[    0.000000]   Normal   empty
[    0.000000]   Device   empty
[    0.000000] Movable zone start for each node
[    0.000000] Early memory node ranges
[    0.000000]   node   0: [mem 0x0000000000001000-0x000000000009efff]
[    0.000000]   node   0: [mem 0x0000000000100000-0x000000003ffeffff]
[    0.000000] Initmem setup node 0 [mem 0x0000000000001000-0x000000003ffeffff]
[    0.000000] ACPI: PM-Timer IO Port: 0x4008
[    0.000000] IOAPIC[0]: apic_id 2, version 32, address 0xfec00000, GSI 0-23
[    0.000000] ACPI: INT_SRC_OVR (bus 0 bus_irq 0 global_irq 2 dfl dfl)
[    0.000000] ACPI: INT_SRC_OVR (bus 0 bus_irq 9 global_irq 9 low level)
[    0.000000] Using ACPI (MADT) for SMP configuration information
[    0.000000] smpboot: Allowing 2 CPUs, 0 hotplug CPUs
[    0.000000] PM: Registered nosave memory: [mem 0x00000000-0x00000fff]
[    0.000000] PM: Registered nosave memory: [mem 0x0009f000-0x0009ffff]
[    0.000000] PM: Registered nosave memory: [mem 0x000a0000-0x000effff]
[    0.000000] PM: Registered nosave memory: [mem 0x000f0000-0x000fffff]
[    0.000000] e820: [mem 0x40000000-0xfebfffff] available for PCI devices
[    0.000000] Booting paravirtualized kernel on KVM
[    0.000000] clocksource: refined-jiffies: mask: 0xffffffff max_cycles: 0xffffffff, max_idle_ns: 7645519600211568 ns
[    0.000000] setup_percpu: NR_CPUS:512 nr_cpumask_bits:512 nr_cpu_ids:2 nr_node_ids:1
[    0.000000] PERCPU: Embedded 33 pages/cpu @ffff88003fc00000 s95448 r8192 d31528 u1048576
[    0.000000] Built 1 zonelists in Node order, mobility grouping on.  Total pages: 257912
[    0.000000] Policy zone: DMA32
[    0.000000] Kernel command line: BOOT_IMAGE=/boot/vmlinuz-4.4.0-184-generic root=UUID=f44ca91b-a79a-49f5-91f4-76a5443bac81 ro console=tty1 console=ttyS0
[    0.000000] PID hash table entries: 4096 (order: 3, 32768 bytes)
[    0.000000] Memory: 997112K/1048120K available (8632K kernel code, 1336K rwdata, 4036K rodata, 1492K init, 1292K bss, 51008K reserved, 0K cma-reserved)
[    0.000000] SLUB: HWalign=64, Order=0-3, MinObjects=0, CPUs=2, Nodes=1
[    0.000000] Kernel/User page tables isolation: enabled
[    0.000000] Hierarchical RCU implementation.
[    0.000000] 	Build-time adjustment of leaf fanout to 64.
[    0.000000] 	RCU restricting CPUs from NR_CPUS=512 to nr_cpu_ids=2.
[    0.000000] RCU: Adjusting geometry for rcu_fanout_leaf=64, nr_cpu_ids=2
[    0.000000] NR_IRQS:33024 nr_irqs:440 16
[    0.000000] Console: colour VGA+ 80x25
[    0.000000] console [tty1] enabled
[    0.000000] console [ttyS0] enabled
[    0.000000] tsc: Detected 2494.226 MHz processor
[    0.414702] Calibrating delay loop (skipped) preset value.. 4988.45 BogoMIPS (lpj=9976904)
[    0.419368] pid_max: default: 32768 minimum: 301
[    0.422014] ACPI: Core revision 20150930
[    0.428633] ACPI: 2 ACPI AML tables successfully acquired and loaded
[    0.431924] Security Framework initialized
[    0.434435] Yama: becoming mindful.
[    0.436542] AppArmor: AppArmor initialized
[    0.439233] Dentry cache hash table entries: 131072 (order: 8, 1048576 bytes)
[    0.448429] Inode-cache hash table entries: 65536 (order: 7, 524288 bytes)
[    0.452049] Mount-cache hash table entries: 2048 (order: 2, 16384 bytes)
[    0.455121] Mountpoint-cache hash table entries: 2048 (order: 2, 16384 bytes)
[    0.458866] Initializing cgroup subsys io
[    0.461187] Initializing cgroup subsys memory
[    0.463985] Initializing cgroup subsys devices
[    0.466677] Initializing cgroup subsys freezer
[    0.469039] Initializing cgroup subsys net_cls
[    0.471418] Initializing cgroup subsys perf_event
[    0.473933] Initializing cgroup subsys net_prio
[    0.476320] Initializing cgroup subsys hugetlb
[    0.478824] Initializing cgroup subsys pids
[    0.482134] mce: CPU supports 0 MCE banks
[    0.484329] Last level iTLB entries: 4KB 1024, 2MB 1024, 4MB 1024
[    0.487388] Last level dTLB entries: 4KB 1024, 2MB 1024, 4MB 1024, 1GB 4
[    0.490602] Spectre V1 : Mitigation: usercopy/swapgs barriers and __user pointer sanitization
[    0.495076] Spectre V2 : Mitigation: Full generic retpoline
[    0.497952] Spectre V2 : Spectre v2 / SpectreRSB mitigation: Filling RSB on context switch
[    0.502323] Speculative Store Bypass: Vulnerable
[    0.504745] SRBDS: Unknown: Dependent on hypervisor status
[    0.507994] MDS: Mitigation: Clear CPU buffers
[    0.516935] Freeing SMP alternatives memory: 36K
[    0.533314] ftrace: allocating 32319 entries in 127 pages
[    0.674284] smpboot: APIC(0) Converting physical 0 to logical package 0
[    0.677690] smpboot: Max logical packages: 1
[    0.680800] x2apic enabled
[    0.683228] Switched APIC routing to physical x2apic.
[    0.689166] ..TIMER: vector=0x30 apic1=0 pin1=2 apic2=-1 pin2=-1
[    0.800426] smpboot: CPU0: Intel(R) Core(TM) i5-4300U CPU @ 1.90GHz (family: 0x6, model: 0x45, stepping: 0x1)
[    0.805912] Performance Events: unsupported p6 CPU model 69 no PMU driver, software events only.
[    0.831860] KVM setup paravirtual spinlock
[    0.835295] x86: Booting SMP configuration:
[    0.837643] .... node  #0, CPUs:      #1
[    0.839715] kvm-clock: cpu 1, msr 0:3ffe3041, secondary cpu clock
[    0.843182] mce: CPU supports 0 MCE banks
[    0.846512] x86: Booted up 1 node, 2 CPUs
[    0.849406] smpboot: Total of 2 processors activated (9976.90 BogoMIPS)
[    0.853549] devtmpfs: initialized
[    0.869353] evm: security.selinux
[    0.871372] evm: security.SMACK64
[    0.873514] evm: security.SMACK64EXEC
[    0.875533] evm: security.SMACK64TRANSMUTE
[    0.877832] evm: security.SMACK64MMAP
[    0.879884] evm: security.ima
[    0.881848] evm: security.capability
[    0.884437] clocksource: jiffies: mask: 0xffffffff max_cycles: 0xffffffff, max_idle_ns: 7645041785100000 ns
[    0.889276] futex hash table entries: 512 (order: 3, 32768 bytes)
[    0.892557] pinctrl core: initialized pinctrl subsystem
[    0.895423] RTC time: 12:36:21, date: 06/15/20
[    0.898093] NET: Registered protocol family 16
[    0.909007] cpuidle: using governor ladder
[    0.921751] cpuidle: using governor menu
[    0.924028] PCCT header not found.
[    0.926321] ACPI: bus type PCI registered
[    0.928935] acpiphp: ACPI Hot Plug PCI Controller Driver version: 0.5
[    0.932138] PCI: Using configuration type 1 for base access
[    0.950945] ACPI: Added _OSI(Module Device)
[    0.953446] ACPI: Added _OSI(Processor Device)
[    0.955879] ACPI: Added _OSI(3.0 _SCP Extensions)
[    0.958419] ACPI: Added _OSI(Processor Aggregator Device)
[    0.963138] ACPI: Executed 1 blocks of module-level executable AML code
[    0.973059] ACPI: Interpreter enabled
[    0.975152] ACPI: (supports S0 S5)
[    0.977225] ACPI: Using IOAPIC for interrupt routing
[    0.980680] PCI: Using host bridge windows from ACPI; if necessary, use "pci=nocrs" and report a bug
[    0.996310] ACPI: PCI Root Bridge [PCI0] (domain 0000 [bus 00-ff])
[    0.999326] acpi PNP0A03:00: _OSC: OS supports [ASPM ClockPM Segments MSI]
[    1.003660] acpi PNP0A03:00: _OSC: not requesting OS control; OS requires [ExtendedConfig ASPM ClockPM MSI]
[    1.008627] acpi PNP0A03:00: fail to add MMCONFIG information, can't access extended PCI configuration space under this bridge.
[    1.015176] PCI host bridge to bus 0000:00
[    1.017421] pci_bus 0000:00: root bus resource [io  0x0000-0x0cf7 window]
[    1.020970] pci_bus 0000:00: root bus resource [io  0x0d00-0xffff window]
[    1.024314] pci_bus 0000:00: root bus resource [mem 0x000a0000-0x000bffff window]
[    1.028643] pci_bus 0000:00: root bus resource [mem 0x40000000-0xfdffffff window]
[    1.032920] pci_bus 0000:00: root bus resource [bus 00-ff]
[    1.039090] pci 0000:00:01.1: legacy IDE quirk: reg 0x10: [io  0x01f0-0x01f7]
[    1.042436] pci 0000:00:01.1: legacy IDE quirk: reg 0x14: [io  0x03f6]
[    1.045586] pci 0000:00:01.1: legacy IDE quirk: reg 0x18: [io  0x0170-0x0177]
[    1.079590] pci 0000:00:01.1: legacy IDE quirk: reg 0x1c: [io  0x0376]
[    1.114767] pci 0000:00:07.0: quirk: [io  0x4000-0x403f] claimed by PIIX4 ACPI
[    1.118723] pci 0000:00:07.0: quirk: [io  0x4100-0x410f] claimed by PIIX4 SMB
[    1.143167] ACPI: PCI Interrupt Link [LNKA] (IRQs 5 9 10 *11)
[    1.147612] ACPI: PCI Interrupt Link [LNKB] (IRQs 5 9 *10 11)
[    1.151588] ACPI: PCI Interrupt Link [LNKC] (IRQs 5 *9 10 11)
[    1.155640] ACPI: PCI Interrupt Link [LNKD] (IRQs 5 9 10 *11)
[    1.159693] ACPI: Enabled 2 GPEs in block 00 to 07
[    1.163173] vgaarb: setting as boot device: PCI:0000:00:02.0
[    1.166196] vgaarb: device added: PCI:0000:00:02.0,decodes=io+mem,owns=io+mem,locks=none
[    1.170505] vgaarb: loaded
[    1.172343] vgaarb: bridge control possible 0000:00:02.0
[    1.176333] SCSI subsystem initialized
[    1.179175] ACPI: bus type USB registered
[    1.181750] usbcore: registered new interface driver usbfs
[    1.184921] usbcore: registered new interface driver hub
[    1.188009] usbcore: registered new device driver usb
[    1.191570] PCI: Using ACPI for IRQ routing
[    1.194956] NetLabel: Initializing
[    1.197354] NetLabel:  domain hash size = 128
[    1.200205] NetLabel:  protocols = UNLABELED CIPSOv4
[    1.208387] NetLabel:  unlabeled traffic allowed by default
[    1.212057] amd_nb: Cannot enumerate AMD northbridges
[    1.215249] clocksource: Switched to clocksource kvm-clock
[    1.250919] AppArmor: AppArmor Filesystem Enabled
[    1.254383] pnp: PnP ACPI init
[    1.259407] pnp: PnP ACPI: found 3 devices
[    1.277084] clocksource: acpi_pm: mask: 0xffffff max_cycles: 0xffffff, max_idle_ns: 2085701024 ns
[    1.282520] NET: Registered protocol family 2
[    1.285811] TCP established hash table entries: 8192 (order: 4, 65536 bytes)
[    1.290146] TCP bind hash table entries: 8192 (order: 5, 131072 bytes)
[    1.293802] TCP: Hash tables configured (established 8192 bind 8192)
[    1.297638] UDP hash table entries: 512 (order: 2, 16384 bytes)
[    1.301005] UDP-Lite hash table entries: 512 (order: 2, 16384 bytes)
[    1.304050] NET: Registered protocol family 1
[    1.306298] pci 0000:00:00.0: Limiting direct PCI/PCI transfers
[    1.309270] pci 0000:00:01.0: Activating ISA DMA hang workarounds
[    1.312653] Unpacking initramfs...
[    1.963411] Freeing initrd memory: 15436K
[    1.965983] RAPL PMU detected, API unit is 2^-32 Joules, 4 fixed counters 10737418240 ms ovfl timer
[    1.970908] hw unit of domain pp0-core 2^-0 Joules
[    1.973611] hw unit of domain package 2^-0 Joules
[    1.976027] hw unit of domain dram 2^-0 Joules
[    1.978450] hw unit of domain pp1-gpu 2^-0 Joules
[    1.981484] clocksource: tsc: mask: 0xffffffffffffffff max_cycles: 0x23f3eb3743e, max_idle_ns: 440795257847 ns
[    1.986938] platform rtc_cmos: registered platform RTC device (no PNP device found)
[    1.991323] Scanning for low memory corruption every 60 seconds
[    1.995117] audit: initializing netlink subsys (disabled)
[    1.998236] audit: type=2000 audit(1592224588.407:1): initialized
[    2.002013] Initialise system trusted keyring
[    2.005077] HugeTLB registered 2 MB page size, pre-allocated 0 pages
[    2.012603] zbud: loaded
[    2.015065] VFS: Disk quotas dquot_6.6.0
[    2.017459] VFS: Dquot-cache hash table entries: 512 (order 0, 4096 bytes)
[    2.021464] squashfs: version 4.0 (2009/01/31) Phillip Lougher
[    2.024955] fuse init (API version 7.23)
[    2.027488] Key type big_key registered
[    2.029806] Allocating IMA MOK and blacklist keyrings.
[    2.034635] Key type asymmetric registered
[    2.036879] Asymmetric key parser 'x509' registered
[    2.039364] Block layer SCSI generic (bsg) driver version 0.4 loaded (major 249)
[    2.043648] io scheduler noop registered
[    2.045756] io scheduler deadline registered (default)
[    2.048363] io scheduler cfq registered
[    2.050705] pci_hotplug: PCI Hot Plug PCI Core version: 0.5
[    2.053461] pciehp: PCI Express Hot Plug Controller Driver version: 0.4
[    2.056717] ACPI: AC Adapter [AC] (on-line)
[    2.059047] input: Power Button as /devices/LNXSYSTM:00/LNXPWRBN:00/input/input0
[    2.063160] ACPI: Power Button [PWRF]
[    2.065449] input: Sleep Button as /devices/LNXSYSTM:00/LNXSLPBN:00/input/input1
[    2.069215] ACPI: Sleep Button [SLPF]
[    2.072082] GHES: HEST is not enabled!
[    2.074099] ACPI: Battery Slot [BAT0] (battery present)
[    2.077667] Serial: 8250/16550 driver, 32 ports, IRQ sharing enabled
[    2.102045] 00:02: ttyS0 at I/O 0x3f8 (irq = 4, base_baud = 115200) is a 16550A
[    2.108973] Linux agpgart interface v0.103
[    2.118752] loop: module loaded
[    2.122333] scsi host0: ata_piix
[    2.124818] scsi host1: ata_piix
[    2.126851] ata1: PATA max UDMA/33 cmd 0x1f0 ctl 0x3f6 bmdma 0xd000 irq 14
[    2.130218] ata2: PATA max UDMA/33 cmd 0x170 ctl 0x376 bmdma 0xd008 irq 15
[    2.134661] libphy: Fixed MDIO Bus: probed
[    2.137086] tun: Universal TUN/TAP device driver, 1.6
[    2.139784] tun: (C) 1999-2004 Max Krasnyansky <maxk@qualcomm.com>
[    2.143097] PPP generic driver version 2.4.2
[    2.145633] ehci_hcd: USB 2.0 'Enhanced' Host Controller (EHCI) Driver
[    2.148967] ehci-pci: EHCI PCI platform driver
[    2.151474] ehci-platform: EHCI generic platform driver
[    2.154254] ohci_hcd: USB 1.1 'Open' Host Controller (OHCI) Driver
[    2.157405] ohci-pci: OHCI PCI platform driver
[    2.159832] ohci-platform: OHCI generic platform driver
[    2.162913] uhci_hcd: USB Universal Host Controller Interface driver
[    2.166803] i8042: PNP: PS/2 Controller [PNP0303:PS2K,PNP0f03:PS2M] at 0x60,0x64 irq 1,12
[    2.172323] serio: i8042 KBD port at 0x60,0x64 irq 1
[    2.174912] serio: i8042 AUX port at 0x60,0x64 irq 12
[    2.177971] mousedev: PS/2 mouse device common for all mice
[    2.182112] input: AT Translated Set 2 keyboard as /devices/platform/i8042/serio0/input/input2
[    2.187157] rtc_cmos rtc_cmos: rtc core: registered rtc_cmos as rtc0
[    2.190458] rtc_cmos rtc_cmos: alarms up to one day, 114 bytes nvram
[    2.193589] i2c /dev entries driver
[    2.195660] device-mapper: uevent: version 1.0.3
[    2.198362] device-mapper: ioctl: 4.34.0-ioctl (2015-10-28) initialised: dm-devel@redhat.com
[    2.202847] ledtrig-cpu: registered to indicate activity on CPUs
[    2.207486] NET: Registered protocol family 10
[    2.210817] NET: Registered protocol family 17
[    2.213751] Key type dns_resolver registered
[    2.217449] registered taskstats version 1
[    2.219774] Loading compiled-in X.509 certificates
[    2.223311] Loaded X.509 cert 'Build time autogenerated kernel key: b6ae09eed57f82583ccd3c65c463e852cdd7a0b5'
[    2.228656] zswap: loaded using pool lzo/zbud
[    2.234957] Key type trusted registered
[    2.244290] Key type encrypted registered
[    2.246508] AppArmor: AppArmor sha1 policy hashing enabled
[    2.249416] ima: No TPM chip found, activating TPM-bypass!
[    2.252179] ima: Allocated hash algorithm: sha1
[    2.254760] evm: HMAC attrs: 0x1
[    2.257467]   Magic number: 8:978:632
[    2.259641] rtc_cmos rtc_cmos: setting system clock to 2020-06-15 12:36:22 UTC (1592224582)
[    2.264048] BIOS EDD facility v0.16 2004-Jun-25, 0 devices found
[    2.266907] EDD information not available.
[    2.292552] Freeing unused kernel memory: 1492K
[    2.294901] Write protecting the kernel read-only data: 14336k
[    2.299196] Freeing unused kernel memory: 1596K
[    2.302609] Freeing unused kernel memory: 60K
Loading, please wait...
starting version 229
[    2.332961] random: systemd-udevd: uninitialized urandom read (16 bytes read, 3 bits of entropy available)
[    2.334489] random: udevadm: uninitialized urandom read (16 bytes read, 3 bits of entropy available)
[    2.334551] random: udevadm: uninitialized urandom read (16 bytes read, 3 bits of entropy available)
[    2.352986] random: systemd-udevd: uninitialized urandom read (16 bytes read, 3 bits of entropy available)
[    2.360493] random: systemd-udevd: uninitialized urandom read (16 bytes read, 3 bits of entropy available)
[    2.367467] random: udevadm: uninitialized urandom read (16 bytes read, 3 bits of entropy available)
[    2.367671] random: udevadm: uninitialized urandom read (16 bytes read, 3 bits of entropy available)
[    2.368166] random: udevadm: uninitialized urandom read (16 bytes read, 3 bits of entropy available)
[    2.368321] random: udevadm: uninitialized urandom read (16 bytes read, 3 bits of entropy available)
[    2.368487] random: udevadm: uninitialized urandom read (16 bytes read, 3 bits of entropy available)
[    2.484670] Fusion MPT base driver 3.04.20
[    2.487370] Copyright (c) 1999-2008 LSI Corporation
[    2.490736] e1000: Intel(R) PRO/1000 Network Driver - version 7.3.21-k8-NAPI
[    2.495318] e1000: Copyright (c) 1999-2006 Intel Corporation.
[    2.519133] Fusion MPT SPI Host driver 3.04.20
[    2.568674] AVX2 version of gcm_enc/dec engaged.
[    2.571800] AES CTR mode by8 optimization enabled
[    2.714476] input: ImExPS/2 Generic Explorer Mouse as /devices/platform/i8042/serio1/input/input4
[    3.027104] e1000 0000:00:03.0 eth0: (PCI:33MHz:32-bit) 02:cb:9c:89:30:63
[    3.030275] e1000 0000:00:03.0 eth0: Intel(R) PRO/1000 Network Connection
[    3.551870] e1000 0000:00:08.0 eth1: (PCI:33MHz:32-bit) 08:00:27:18:f1:35
[    3.555034] e1000 0000:00:08.0 eth1: Intel(R) PRO/1000 Network Connection
[    3.561642] e1000 0000:00:03.0 enp0s3: renamed from eth0
[    3.564917] mptbase: ioc0: Initiating bringup
[    3.577694] e1000 0000:00:08.0 enp0s8: renamed from eth1
[    3.640386] ioc0: LSI53C1030 A0: Capabilities={Initiator}
[    3.807366] scsi host2: ioc0: LSI53C1030 A0, FwRev=00000000h, Ports=1, MaxQ=256, IRQ=20
[    3.925232] scsi 2:0:0:0: Direct-Access     VBOX     HARDDISK         1.0  PQ: 0 ANSI: 5
[    3.960471] scsi target2:0:0: Beginning Domain Validation
[    3.965506] scsi target2:0:0: Domain Validation skipping write tests
[    3.968457] scsi target2:0:0: Ending Domain Validation
[    3.971066] scsi target2:0:0: asynchronous
[    3.974022] scsi 2:0:1:0: Direct-Access     VBOX     HARDDISK         1.0  PQ: 0 ANSI: 5
[    3.978430] scsi target2:0:1: Beginning Domain Validation
[    3.983460] scsi target2:0:1: Domain Validation skipping write tests
[    3.986381] scsi target2:0:1: Ending Domain Validation
[    3.989010] scsi target2:0:1: asynchronous
[    4.000979] sd 2:0:0:0: Attached scsi generic sg0 type 0
[    4.003819] sd 2:0:0:0: [sda] 20971520 512-byte logical blocks: (10.7 GB/10.0 GiB)
[    4.007988] sd 2:0:1:0: Attached scsi generic sg1 type 0
[    4.008647] sd 2:0:1:0: [sdb] 20480 512-byte logical blocks: (10.5 MB/10.0 MiB)
[    4.008953] sd 2:0:1:0: [sdb] Write Protect is off
[    4.008986] sd 2:0:0:0: [sda] Write Protect is off
[    4.009151] sd 2:0:1:0: [sdb] Incomplete mode parameter data
[    4.009155] sd 2:0:1:0: [sdb] Assuming drive cache: write through
[    4.009289] sd 2:0:0:0: [sda] Incomplete mode parameter data
[    4.009294] sd 2:0:0:0: [sda] Assuming drive cache: write through
[    4.013046]  sda: sda1
[    4.015375] sd 2:0:0:0: [sda] Attached SCSI disk
[    4.015584] sd 2:0:1:0: [sdb] Attached SCSI disk
Begin: Loading essential drivers ... [    6.139977] md: linear personality registered for level -1
[    6.146795] md: multipath personality registered for level -4
[    6.154986] md: raid0 personality registered for level 0
[    6.165525] md: raid1 personality registered for level 1
[    6.239570] raid6: sse2x1   gen()  2154 MB/s
[    6.307375] raid6: sse2x1   xor()  1459 MB/s
[    6.375331] raid6: sse2x2   gen()  3903 MB/s
[    6.443667] raid6: sse2x2   xor()  2768 MB/s
[    6.511453] raid6: sse2x4   gen()  6148 MB/s
[    6.579326] raid6: sse2x4   xor()  3557 MB/s
[    6.647669] raid6: avx2x1   gen()  4750 MB/s
[    6.715326] raid6: avx2x2   gen()  9316 MB/s
[    6.783400] raid6: avx2x4   gen()  9492 MB/s
[    6.787402] raid6: using algorithm avx2x4 gen() 9492 MB/s
[    6.797604] raid6: using avx2x2 recovery algorithm
[    6.803533] xor: automatically using best checksumming function:
[    6.843500]    avx       : 13643.000 MB/sec
[    6.849330] async_tx: api initialized (async)
[    6.876454] md: raid6 personality registered for level 6
[    6.880063] md: raid5 personality registered for level 5
[    6.883535] md: raid4 personality registered for level 4
[    6.900126] md: raid10 personality registered for level 10
done.
Begin: Running /scripts/init-premount ... done.
Begin: Mounting root file system ... Begin: Running /scripts/local-top ... done.
Begin: Running /scripts/local-premount ... [    6.973669] Btrfs loaded
Scanning for Btrfs filesystems
done.
Warning: fsck not present, so skipping root file system
[    7.018226] EXT4-fs (sda1): INFO: recovery required on readonly filesystem
[    7.021594] EXT4-fs (sda1): write access will be enabled during recovery
[    7.213436] EXT4-fs (sda1): orphan cleanup on readonly fs
[    7.217541] EXT4-fs (sda1): 5 orphan inodes deleted
[    7.219963] EXT4-fs (sda1): recovery complete
[    7.223083] EXT4-fs (sda1): mounted filesystem with ordered data mode. Opts: (null)
done.
Begin: Running /scripts/local-bottom ... done.
Begin: Running /scripts/init-bottom ... done.
[    7.393046] systemd[1]: systemd 229 running in system mode. (+PAM +AUDIT +SELINUX +IMA +APPARMOR +SMACK +SYSVINIT +UTMP +LIBCRYPTSETUP +GCRYPT +GNUTLS +ACL +XZ -LZ4 +SECCOMP +BLKID +ELFUTILS +KMOD -IDN)
[    7.402365] systemd[1]: Detected virtualization oracle.
[    7.405227] systemd[1]: Detected architecture x86-64.

Welcome to [1mUbuntu 16.04.6 LTS[0m!

[    7.412363] systemd[1]: Set hostname to <web01>.
[    7.649410] systemd[1]: Listening on Device-mapper event daemon FIFOs.
[[0;32m  OK  [0m] Listening on Device-mapper event daemon FIFOs.
[    7.655127] systemd[1]: Started Trigger resolvconf update for networkd DNS.
[[0;32m  OK  [0m] Started Trigger resolvconf update for networkd DNS.
[    7.661070] systemd[1]: Reached target Swap.
[[0;32m  OK  [0m] Reached target Swap.
[    7.665265] systemd[1]: Listening on Syslog Socket.
[[0;32m  OK  [0m] Listening on Syslog Socket.
[    7.670392] systemd[1]: Created slice System Slice.
[[0;32m  OK  [0m] Created slice System Slice.
[    7.674948] systemd[1]: Listening on LVM2 metadata daemon socket.
[[0;32m  OK  [0m] Listening on LVM2 metadata daemon socket.
[    7.680622] systemd[1]: Created slice system-serial\x2dgetty.slice.
[[0;32m  OK  [0m] Created slice system-serial\x2dgetty.slice.
[    7.685427] systemd[1]: Listening on Journal Audit Socket.
[[0;32m  OK  [0m] Listening on Journal Audit Socket.
[    7.689809] systemd[1]: Listening on Journal Socket (/dev/log).
[[0;32m  OK  [0m] Listening on Journal Socket (/dev/log).
[    7.694655] systemd[1]: Reached target User and Group Name Lookups.
[[0;32m  OK  [0m] Reached target User and Group Name Lookups.
[    7.700305] systemd[1]: Created slice User and Session Slice.
[[0;32m  OK  [0m] Created slice User and Session Slice.
[    7.705110] systemd[1]: Reached target Slices.
[[0;32m  OK  [0m] Reached target Slices.
[    7.709308] systemd[1]: Listening on udev Control Socket.
[[0;32m  OK  [0m] Listening on udev Control Socket.
[    7.714423] systemd[1]: Set up automount Arbitrary Executable File Formats File System Automount Point.
[[0;32m  OK  [0m] Set up automount Arbitrary Executab...ats File System Automount Point.
[    7.721309] systemd[1]: Listening on /dev/initctl Compatibility Named Pipe.
[[0;32m  OK  [0m] Listening on /dev/initctl Compatibility Named Pipe.
[    7.726858] systemd[1]: Listening on LVM2 poll daemon socket.
[[0;32m  OK  [0m] Listening on LVM2 poll daemon socket.
[    7.731682] systemd[1]: Reached target Encrypted Volumes.
[[0;32m  OK  [0m] Reached target Encrypted Volumes.
[    7.736350] systemd[1]: Started Forward Password Requests to Wall Directory Watch.
[[0;32m  OK  [0m] Started Forward Password Requests to Wall Directory Watch.
[    7.743809] systemd[1]: Listening on Journal Socket.
[[0;32m  OK  [0m] Listening on Journal Socket.
[    7.764250] systemd[1]: Starting Uncomplicated firewall...
         Starting Uncomplicated firewall...
[    7.774194] systemd[1]: Starting Create list of required static device nodes for the current kernel...
         Starting Create list of required st... nodes for the current kernel...
[    7.784624] systemd[1]: Starting Monitoring of LVM2 mirrors, snapshots etc. using dmeventd or progress polling...
         Starting Monitoring of LVM2 mirrors... dmeventd or progress polling...
[    7.799323] systemd[1]: Mounting Debug File System...
         Mounting Debug File System...
[    7.808928] systemd[1]: Mounting Huge Pages File System...
         Mounting Huge Pages File System...
[    7.822968] systemd[1]: Starting Load Kernel Modules...
         Starting Load Kernel Modules...
[    7.830921] ip_tables: (C) 2000-2006 Netfilter Core Team
[    7.831536] systemd[1]: Starting Journal Service...
         Starting Journal Service...
[    7.842035] systemd[1]: Starting Remount Root and Kernel File Systems...
         Starting Remount Root and Kernel File Systems...
[    7.850336] systemd[1]: Reached target System Time Synchronized.
[[0;32m  OK  [0m] Reached target System Time Synchronized.
[    7.865666] systemd[1]: Mounting POSIX Message Queue File System...
[    7.870145] Loading iSCSI transport class v2.0-870.
         Mounting POSIX Message Queue File System...
[    7.877696] systemd[1]: Starting Nameserver information manager...
         Starting Nameserver information manager...
[    7.885990] systemd[1]: Starting Set console keymap...
         Starting Set console keymap...
[    7.900608] EXT4-fs (sda1): re-mounted. Opts: (null)
[    7.900764] systemd[1]: Listening on udev Kernel Socket.
[[0;32m  OK  [0m] Listening on udev Kernel Socket.
[    7.918905] nf_conntrack version 0.5.0 (7935 buckets, 31740 max)
[    7.937952] systemd[1]: Mounted POSIX Message Queue File System.
[[0;32m  OK  [0m] Mounted POSIX Message Queue File System.[    7.945547] iscsi: registered transport (tcp)

[    7.947953] systemd[1]: Mounted Debug File System.
[[0;32m  OK  [0m] Mounted Debug File System.
[    7.956328] systemd[1]: Mounted Huge Pages File System.
[[0;32m  OK  [0m] Mounted Huge Pages File System.
[    7.965145] systemd[1]: Started Create list of required static device nodes for the current kernel.
[[0;32m  OK  [0m] Started Create list of required sta...ce nodes for the current kernel.
[    7.985323] systemd[1]: Started Remount Root and Kernel File Systems.
[[0;32m  OK  [0m] Started Remount Root and Kernel File Systems.
[    8.010614] systemd[1]: Started Journal Service.
[[0;32m  OK  [0m] Started Journal Service.
[    8.036678] random: nonblocking pool is initialized
[[0;32m  OK  [0m] Started LVM2 metadata daemon.
         Starting Flush Journal to Persistent Storage...
         Starting Load/Save Random Seed...
         Starting udev Coldplug all Devices...
         Starting Create Static Device Nodes in /dev...
[[0;32m  OK  [0m] Started Nameserver information manager.
[[0;32m  OK  [0m] Started Load/Save Random Seed.
[    8.096963] ip6_tables: (C) 2000-2006 Netfilter Core Team
[    8.115476] systemd-journald[403]: Received request to flush runtime journal from PID 1
[[0;32m  OK  [0m] Started Flush Journal to Persistent Storage.
[[0;32m  OK  [0m] Started Create Static Device Nodes in /dev.
[    8.175401] iscsi: registered transport (iser)
         Starting udev Kernel Device Manager...
[[0;32m  OK  [0m] Started Load Kernel Modules.
         Starting Apply Kernel Variables...
         Mounting FUSE Control File System...
[[0;32m  OK  [0m] Started Apply Kernel Variables.
[[0;32m  OK  [0m] Started Monitoring of LVM2 mirrors,...ng dmeventd or progress polling.
[[0;32m  OK  [0m] Mounted FUSE Control File System.
[[0;32m  OK  [0m] Started udev Kernel Device Manager.
[[0;32m  OK  [0m] Started Set console keymap.
[[0;32m  OK  [0m] Reached target Local File Systems (Pre).
[[0;32m  OK  [0m] Reached target Local File Systems.
         Starting Create Volatile Files and Directories...
         Starting LSB: AppArmor initialization...
         Starting Set console font and keymap...
         Starting Initial cloud-init job (pre-networking)...
         Starting Tell Plymouth To Write Out Runtime Data...
[[0;32m  OK  [0m] Started Create Volatile Files and Directories.
[[0;32m  OK  [0m] Started Tell Plymouth To Write Out Runtime Data.
         Starting Update UTMP about System Boot/Shutdown...
[[0;32m  OK  [0m] Started udev Coldplug all Devices.
[[0;32m  OK  [0m] Started Dispatch Password Requests to Console Directory Watch.
[[0;32m  OK  [0m] Started Update UTMP about System Boot/Shutdown.
[[0;32m  OK  [0m] Started Uncomplicated firewall.
[[0;32m  OK  [0m] Started LSB: AppArmor initialization.
[[0;32m  OK  [0m] Found device /dev/ttyS0.
[[0;32m  OK  [0m] Found device 82540EM Gigabit Ethern...r (PRO/1000 MT Desktop Adapter).
[[0;32m  OK  [0m] Found device 82540EM Gigabit Ethern...r (PRO/1000 MT Desktop Adapter).
[[0;32m  OK  [0m] Listening on Load/Save RF Kill Switch Status /dev/rfkill Watch.
[   10.501207] cloud-init[542]: Cloud-init v. 19.4-33-gbb4131a2-0ubuntu1~16.04.1 running 'init-local' at Mon, 15 Jun 2020 12:36:30 +0000. Up 9.88 seconds.
[[0;32m  OK  [0m] Started Initial cloud-init job (pre-networking).
[[0;32m  OK  [0m] Reached target Network (Pre).
[[0;32m  OK  [0m] Started ifup for enp0s8.
         Starting Raise network interfaces...
[[0;32m  OK  [0m] Started ifup for enp0s3.
[[0;32m  OK  [0m] Started Set console font and keymap.
[[0;32m  OK  [0m] Created slice system-getty.slice.
[[0;32m  OK  [0m] Started Raise network interfaces.
         Starting Initial cloud-init job (metadata service crawler)...
[[0;32m  OK  [0m] Reached target Network.
[   13.345614] cloud-init[1153]: Cloud-init v. 19.4-33-gbb4131a2-0ubuntu1~16.04.1 running 'init' at Mon, 15 Jun 2020 12:36:33 +0000. Up 12.71 seconds.
[   13.350635] cloud-init[1153]: ci-info: ++++++++++++++++++++++++++++++++++++++Net device info+++++++++++++++++++++++++++++++++++++++
[   13.355054] cloud-init[1153]: ci-info: +--------+------+-----------------------------+---------------+--------+-------------------+
[   13.359643] cloud-init[1153]: ci-info: | Device |  Up  |           Address           |      Mask     | Scope  |     Hw-Address    |
[   13.363693] cloud-init[1153]: ci-info: +--------+------+-----------------------------+---------------+--------+-------------------+
[   13.367866] cloud-init[1153]: ci-info: | enp0s3 | True |          10.0.2.15          | 255.255.255.0 | global | 02:cb:9c:89:30:63 |
[   13.371730] cloud-init[1153]: ci-info: | enp0s3 | True |  fe80::cb:9cff:fe89:3063/64 |       .       |  link  | 02:cb:9c:89:30:63 |
[   13.375353] cloud-init[1153]: ci-info: | enp0s8 | True |        192.168.20.109       | 255.255.255.0 | global | 08:00:27:18:f1:35 |
[   13.379071] cloud-init[1153]: ci-info: | enp0s8 | True | fe80::a00:27ff:fe18:f135/64 |       .       |  link  | 08:00:27:18:f1:35 |
[   13.382472] cloud-init[1153]: ci-info: |   lo   | True |          127.0.0.1          |   255.0.0.0   |  host  |         .         |
[   13.388620] cloud-init[1153]: ci-info: |   lo   | True |           ::1/128           |       .       |  host  |         .         |
[   13.391842] cloud-init[1153]: ci-info: +--------+------+-----------------------------+---------------+--------+-------------------+
[   13.396224] cloud-init[1153]: ci-info: ++++++++++++++++++++++++++++Route IPv4 info++++++++++++++++++++++++++++
[   13.400252] cloud-init[1153]: ci-info: +-------+--------------+----------+---------------+-----------+-------+
[   13.409206] cloud-init[1153]: ci-info: | Route | Destination  | Gateway  |    Genmask    | Interface | Flags |
[   13.412592] cloud-init[1153]: ci-info: +-------+--------------+----------+---------------+-----------+-------+
[   13.415648] cloud-init[1153]: ci-info: |   0   |   0.0.0.0    | 10.0.2.2 |    0.0.0.0    |   enp0s3  |   UG  |
[   13.418622] cloud-init[1153]: ci-info: |   1   |   10.0.2.0   | 0.0.0.0  | 255.255.255.0 |   enp0s3  |   U   |
[   13.421942] cloud-init[1153]: ci-info: |   2   | 192.168.20.0 | 0.0.0.0  | 255.255.255.0 |   enp0s8  |   U   |
[   13.425425] cloud-init[1153]: ci-info: +-------+--------------+----------+---------------+-----------+-------+
[   13.429241] cloud-init[1153]: ci-info: +++++++++++++++++++Route IPv6 info+++++++++++++++++++
[   13.432530] cloud-init[1153]: ci-info: +-------+-------------+---------+-----------+-------+
[   13.435492] cloud-init[1153]: ci-info: | Route | Destination | Gateway | Interface | Flags |
[   13.441384] cloud-init[1153]: ci-info: +-------+-------------+---------+-----------+-------+
[   13.449261] cloud-init[1153]: ci-info: |   0   |  fe80::/64  |    ::   |   enp0s8  |   U   |
[   13.452009] cloud-init[1153]: ci-info: |   1   |  fe80::/64  |    ::   |   enp0s3  |   U   |
[   13.454765] cloud-init[1153]: ci-info: |   4   |   ff00::/8  |    ::   |   enp0s8  |   U   |
[   13.460914] cloud-init[1153]: ci-info: |   5   |   ff00::/8  |    ::   |   enp0s3  |   U   |
[   13.463632] cloud-init[1153]: ci-info: +-------+-------------+---------+-----------+-------+
[[0;32m  OK  [0m] Started Initial cloud-init job (metadata service crawler).
[[0;32m  OK  [0m] Reached target System Initialization.
         Starting Socket activation for snappy daemon.
[[0;32m  OK  [0m] Started Daily Cleanup of Temporary Directories.
[[0;32m  OK  [0m] Started Daily apt download activities.
[[0;32m  OK  [0m] Started Daily apt upgrade and clean activities.
[[0;32m  OK  [0m] Listening on ACPID Listen Socket.
[[0;32m  OK  [0m] Started ACPI Events Check.
[[0;32m  OK  [0m] Reached target Paths.
[[0;32m  OK  [0m] Listening on D-Bus System Message Bus Socket.
[[0;32m  OK  [0m] Listening on UUID daemon activation socket.
         Starting LXD - unix socket.
[[0;32m  OK  [0m] Started Message of the Day.
[[0;32m  OK  [0m] Reached target Timers.
[[0;32m  OK  [0m] Reached target Cloud-config availability.
[[0;32m  OK  [0m] Reached target Network is Online.
         Starting iSCSI initiator daemon (iscsid)...
[[0;32m  OK  [0m] Listening on Socket activation for snappy daemon.
[[0;32m  OK  [0m] Listening on LXD - unix socket.
[[0;32m  OK  [0m] Reached target Sockets.
[[0;32m  OK  [0m] Reached target Basic System.
[[0;32m  OK  [0m] Started Deferred execution scheduler.
         Starting /etc/rc.local Compatibility...
         Starting Virtualbox guest utils...
         Starting OpenBSD Secure Shell server...
[[0;32m  OK  [0m] Started Regular background program processing daemon.
         Starting Accounts Service...
         Starting LXD - container startup/shutdown...
[[0;32m  OK  [0m] Started FUSE filesystem for LXC.
         Starting LSB: MD monitoring daemon...
         Starting Login Service...
         Starting System Logging Service...
[[0;32m  OK  [0m] Started D-Bus System Message Bus.
         Starting LSB: Record successful boot for GRUB...
[[0;32m  OK  [0m] Started ACPI event daemon.
         Starting Snappy daemon...
[[0;32m  OK  [0m] Started System Logging Service.
[[0;32m  OK  [0m] Started /etc/rc.local Compatibility.
[[0;32m  OK  [0m] Started iSCSI initiator daemon (iscsid).
[[0;32m  OK  [0m] Started Login Service.
[[0;32m  OK  [0m] Started Unattended Upgrades Shutdown.
         Starting Authenticate and Authorize Users to Run Privileged Tasks...
         Starting Login to default iSCSI targets...
[[0;32m  OK  [0m] Started LSB: MD monitoring daemon.
[[0;32m  OK  [0m] Started OpenBSD Secure Shell server.
[[0;32m  OK  [0m] Started Authenticate and Authorize Users to Run Privileged Tasks.
[[0;32m  OK  [0m] Started Accounts Service.
[[0;32m  OK  [0m] Started Login to default iSCSI targets.
[[0;32m  OK  [0m] Started LXD - container startup/shutdown.
[[0;32m  OK  [0m] Started LSB: Record successful boot for GRUB.
[[0;32m  OK  [0m] Reached target Remote File Systems (Pre).
[[0;32m  OK  [0m] Reached target Remote File Systems.
         Starting LSB: Set the CPU Frequency Scaling governor to "ondemand"...
         Starting Permit User Sessions...
         Starting LSB: automatic crash report generation...
         Starting LSB: Apache2 web server...
         Starting LSB: daemon to balance interrupts for SMP systems...
[[0;32m  OK  [0m] Started Permit User Sessions.
         Starting Hold until boot process finishes up...
         Starting Terminate Plymouth Boot Screen...
[[0;32m  OK  [0m] Started Hold until boot process finishes up.
[[0;32m  OK  [0m] Started Terminate Plymouth Boot Screen.
[[0;32m  OK  [0m] Started Serial Getty on ttyS0.
         Starting Set console scheme...
[[0;32m  OK  [0m] Started Getty on tty1.
[[0;32m  OK  [0m] Reached target Login Prompts.
[[0;32m  OK  [0m] Started LSB: Set the CPU Frequency Scaling governor to "ondemand".
[[0;32m  OK  [0m] Started LSB: daemon to balance interrupts for SMP systems.
[[0;32m  OK  [0m] Started Set console scheme.
[[0;32m  OK  [0m] Started LSB: automatic crash report generation.
[[0;32m  OK  [0m] Started Virtualbox guest utils.
[[0;32m  OK  [0m] Started Snappy daemon.
         Starting Wait until snapd is fully seeded...
[[0;32m  OK  [0m] Started LSB: Apache2 web server.
[[0;32m  OK  [0m] Started Wait until snapd is fully seeded.
         Starting Apply the settings specified in cloud-config...
[[0;32m  OK  [0m] Reached target Multi-User System.
[[0;32m  OK  [0m] Reached target Graphical Interface.
         Starting Update UTMP about System Runlevel Changes...
[[0;32m  OK  [0m] Started Update UTMP about System Runlevel Changes.
[   15.615386] cloud-init[1510]: Cloud-init v. 19.4-33-gbb4131a2-0ubuntu1~16.04.1 running 'modules:config' at Mon, 15 Jun 2020 12:36:36 +0000. Up 15.37 seconds.
[[0;32m  OK  [0m] Started Apply the settings specified in cloud-config.
         Starting Execute cloud user/final scripts...
[   16.775758] cloud-init[1522]: Cloud-init v. 19.4-33-gbb4131a2-0ubuntu1~16.04.1 running 'modules:final' at Mon, 15 Jun 2020 12:36:37 +0000. Up 16.50 seconds.
[   16.779932] cloud-init[1522]: Cloud-init v. 19.4-33-gbb4131a2-0ubuntu1~16.04.1 finished at Mon, 15 Jun 2020 12:36:37 +0000. Datasource DataSourceNoCloud [seed=/dev/sdb][dsmode=net].  Up 16.76 seconds
[[0;32m  OK  [0m] Started Execute cloud user/final scripts.
[[0;32m  OK  [0m] Reached target Cloud-init target.

Ubuntu 16.04.6 LTS web01 ttyS0

web01 login: [[0;32m  OK  [0m] Closed Load/Save RF Kill Switch Status /dev/rfkill Watch.
         Stopping ACPI event daemon...
[[0;32m  OK  [0m] Stopped target Cloud-init target.
         Stopping User Manager for UID 1000...
[[0;32m  OK  [0m] Stopped target Graphical Interface.
[[0;32m  OK  [0m] Stopped Execute cloud user/final scripts.
[[0;32m  OK  [0m] Stopped Apply the settings specified in cloud-config.
[[0;32m  OK  [0m] Stopped target Multi-User System.
         Stopping OpenBSD Secure Shell server...
         Stopping Virtualbox guest utils...
         Stopping D-Bus System Message Bus...
         Stopping LSB: Set the CPU Frequency Scaling governor to "ondemand"...
         Stopping FUSE filesystem for LXC...
         Stopping LSB: Apache2 web server...
         Stopping Regular background program processing daemon...
[[0;32m  OK  [0m] Stopped Wait until snapd is fully seeded.
         Stopping Deferred execution scheduler...
         Stopping System Logging Service...
         Stopping Accounts Service...
[[0;32m  OK  [0m] Stopped target Timers.
[[0;32m  OK  [0m] Stopped Daily Cleanup of Temporary Directories.
         Stopping Authenticate and Authorize Users to Run Privileged Tasks...
         Stopping LSB: Record successful boot for GRUB...
[[0;32m  OK  [0m] Stopped target Cloud-config availability.
         Stopping LSB: automatic crash report generation...
         Stopping Session 5 of user vagrant.
[[0;32m  OK  [0m] Stopped target Login Prompts.
         Stopping Getty on tty1...
[[0;32m  OK  [0m] Stopped Message of the Day.
         Stopping Serial Getty [[0;32m  OK  [0m] Stopped Daily apt upgrade and clean activities.
[[0;32m  OK  [0m] Stopped Daily apt download activities.
[[0;32m  OK  [0m] Stopped target System Time Synchronized.
         Stopping LSB: daemon to balance interrupts for SMP systems...
         Stopping LXD - container startup/shutdown...
         Stopping LSB: MD monitoring daemon...
[[0;32m  OK  [0m] Unmounted /var/lib/lxcfs.
[[0;32m  OK  [0m] Stopped Deferred execution scheduler.
[[0;32m  OK  [0m] Stopped Regular background program processing daemon.
[[0;32m  OK  [0m] Stopped Accounts Service.
[[0;32m  OK  [0m] Stopped System Logging Service.
[[0;32m  OK  [0m] Stopped ACPI event daemon.
[[0;32m  OK  [0m] Stopped OpenBSD Secure Shell server.
[[0;32m  OK  [0m] Stopped Authenticate and Authorize Users to Run Privileged Tasks.
[[0;32m  OK  [0m] Stopped Serial Getty on ttyS0.
[[0;32m  OK  [0m] Stopped Getty on tty1.
[[0;32m  OK  [0m] Stopped User Manager for UID 1000.
[[0;32m  OK  [0m] Stopped D-Bus System Message Bus.
[[0;32m  OK  [0m] Stopped FUSE filesystem for LXC.
[[0;32m  OK  [0m] Stopped Session 5 of user vagrant.
[[0;32m  OK  [0m] Stopped LXD - container startup/shutdown.
[[0;32m  OK  [0m] Stopped LSB: daemon to balance interrupts for SMP systems.
[[0;32m  OK  [0m] Stopped LSB: Set the CPU Frequency Scaling governor to "ondemand".
[[0;32m  OK  [0m] Stopped LSB: Record successful boot for GRUB.
[[0;32m  OK  [0m] Stopped LSB: MD monitoring daemon.
[[0;32m  OK  [0m] Stopped LSB: automatic crash report generation.
[[0;32m  OK  [0m] Removed slice User Slice of vagrant.
         Stopping Login Service...
[[0;32m  OK  [0m] Removed slice system-getty.slice.
         Stopping Permit User Sessions...
[[0;32m  OK  [0m] Stopped /etc/rc.local Compatibility.
[[0;32m  OK  [0m] Removed slice system-serial\x2dgetty.slice.
[[0;32m  OK  [0m] Stopped Virtualbox guest utils.
[[0;32m  OK  [0m] Stopped Permit User Sessions.
[[0;32m  OK  [0m] Stopped Login Service.
[[0;32m  OK  [0m] Stopped target User and Group Name Lookups.
[[0;32m  OK  [0m] Stopped LSB: Apache2 web server.
[[0;32m  OK  [0m] Stopped target Remote File Systems.
[[0;32m  OK  [0m] Stopped target Remote File Systems (Pre).
         Stopping Login to default iSCSI targets...
[[0;32m  OK  [0m] Stopped target Basic System.
[[0;32m  OK  [0m] Stopped target Paths.
[[0;32m  OK  [0m] Stopped Forward Password Requests to Wall Directory Watch.
[[0;32m  OK  [0m] Stopped Dispatch Password Requests to Console Directory Watch.
[[0;32m  OK  [0m] Stopped ACPI Events Check.
[[0;32m  OK  [0m] Stopped target Sockets.
[[0;32m  OK  [0m] Closed ACPID Listen Socket.
[[0;32m  OK  [0m] Closed Socket activation for snappy daemon.
[[0;32m  OK  [0m] Closed UUID daemon activation socket.
[[0;32m  OK  [0m] Closed Syslog Socket.
[[0;32m  OK  [0m] Closed LXD - unix socket.
[[0;32m  OK  [0m] Closed D-Bus System Message Bus Socket.
[[0;32m  OK  [0m] Stopped target Slices.
[[0;32m  OK  [0m] Removed slice User and Session Slice.
[[0;32m  OK  [0m] Stopped target System Initialization.
         Stopping Load/Save Random Seed...
         Stopping Update UTMP about System Boot/Shutdown...
[[0;32m  OK  [0m] Stopped target Encrypted Volumes.
[[0;32m  OK  [0m] Stopped target Swap.
[[0;32m  OK  [0m] Stopped Load/Save Random Seed.
[[0;32m  OK  [0m] Stopped Update UTMP about System Boot/Shutdown.
[[0;32m  OK  [0m] Stopped Create Volatile Files and Directories.
[[0;32m  OK  [0m] Stopped Login to default iSCSI targets.
         Stopping iSCSI initiator daemon (iscsid)...
[[0;32m  OK  [0m] Stopped iSCSI initiator daemon (iscsid).
[[0;32m  OK  [0m] Stopped target Network is Online.
[[0;32m  OK  [0m] Stopped Initial cloud-init job (metadata service crawler).
[[0;32m  OK  [0m] Stopped target Network.
         Stopping Raise network interfaces...
[[0;32m  OK  [0m] Stopped Raise network interfaces.
[[0;32m  OK  [0m] Stopped target Local File Systems.
         Unmounting /run/user/1000...
         Unmounting /var/www/html...
[[0;32m  OK  [0m] Stopped target Network (Pre).
[[0;32m  OK  [0m] Stopped Initial cloud-init job (pre-networking).
[[0;32m  OK  [0m] Stopped Apply Kernel Variables.
[[0;32m  OK  [0m] Stopped Load Kernel Modules.
[[0;32m  OK  [0m] Unmounted /run/user/1000.
[[0;32m  OK  [0m] Unmounted /var/www/html.
[[0;32m  OK  [0m] Reached target Unmount All Filesystems.
[[0;32m  OK  [0m] Stopped target Local File Systems (Pre).
[[0;32m  OK  [0m] Stopped Create Static Device Nodes in /dev.
[[0;32m  OK  [0m] Stopped Remount Root and Kernel File Systems.
[[0;32m  OK  [0m] Reached target Shutdown.
[ 6223.064251] reboot: Power down
