[    0.000000] Initializing cgroup subsys cpuset
[    0.000000] Initializing cgroup subsys cpu
[    0.000000] Initializing cgroup subsys cpuacct
[    0.000000] Linux version 4.4.0-178-generic (buildd@lgw01-amd64-017) (gcc version 5.4.0 20160609 (Ubuntu 5.4.0-6ubuntu1~16.04.12) ) #208-Ubuntu SMP Sun Apr 5 23:45:10 UTC 2020 (Ubuntu 4.4.0-178.208-generic 4.4.217)
[    0.000000] Command line: BOOT_IMAGE=/boot/vmlinuz-4.4.0-178-generic root=LABEL=cloudimg-rootfs ro console=tty1 console=ttyS0
[    0.000000] KERNEL supported cpus:
[    0.000000]   Intel GenuineIntel
[    0.000000]   AMD AuthenticAMD
[    0.000000]   Centaur CentaurHauls
[    0.000000] x86/fpu: xstate_offset[2]:  576, xstate_sizes[2]:  256
[    0.000000] x86/fpu: Supporting XSAVE feature 0x01: 'x87 floating point registers'
[    0.000000] x86/fpu: Supporting XSAVE feature 0x02: 'SSE registers'
[    0.000000] x86/fpu: Supporting XSAVE feature 0x04: 'AVX registers'
[    0.000000] x86/fpu: Enabled xstate features 0x7, context size is 832 bytes, using 'standard' format.
[    0.000000] e820: BIOS-provided physical RAM map:
[    0.000000] BIOS-e820: [mem 0x0000000000000000-0x000000000009fbff] usable
[    0.000000] BIOS-e820: [mem 0x000000000009fc00-0x000000000009ffff] reserved
[    0.000000] BIOS-e820: [mem 0x00000000000f0000-0x00000000000fffff] reserved
[    0.000000] BIOS-e820: [mem 0x0000000000100000-0x000000003ffeffff] usable
[    0.000000] BIOS-e820: [mem 0x000000003fff0000-0x000000003fffffff] ACPI data
[    0.000000] BIOS-e820: [mem 0x00000000fec00000-0x00000000fec00fff] reserved
[    0.000000] BIOS-e820: [mem 0x00000000fee00000-0x00000000fee00fff] reserved
[    0.000000] BIOS-e820: [mem 0x00000000fffc0000-0x00000000ffffffff] reserved
[    0.000000] NX (Execute Disable) protection: active
[    0.000000] SMBIOS 2.5 present.
[    0.000000] Hypervisor detected: KVM
[    0.000000] e820: last_pfn = 0x3fff0 max_arch_pfn = 0x400000000
[    0.000000] MTRR: Disabled
[    0.000000] x86/PAT: MTRRs disabled, skipping PAT initialization too.
[    0.000000] CPU MTRRs all blank - virtualized system.
[    0.000000] x86/PAT: Configuration [0-7]: WB  WT  UC- UC  WB  WT  UC- UC  
[    0.000000] found SMP MP-table at [mem 0x0009fff0-0x0009ffff] mapped at [ffff88000009fff0]
[    0.000000] Scanning 1 areas for low memory corruption
[    0.000000] RAMDISK: [mem 0x362e0000-0x37167fff]
[    0.000000] ACPI: Early table checksum verification disabled
[    0.000000] ACPI: RSDP 0x00000000000E0000 000024 (v02 VBOX  )
[    0.000000] ACPI: XSDT 0x000000003FFF0030 00003C (v01 VBOX   VBOXXSDT 00000001 ASL  00000061)
[    0.000000] ACPI: FACP 0x000000003FFF00F0 0000F4 (v04 VBOX   VBOXFACP 00000001 ASL  00000061)
[    0.000000] ACPI: DSDT 0x000000003FFF0470 0022EA (v02 VBOX   VBOXBIOS 00000002 INTL 20100528)
[    0.000000] ACPI: FACS 0x000000003FFF0200 000040
[    0.000000] ACPI: FACS 0x000000003FFF0200 000040
[    0.000000] ACPI: APIC 0x000000003FFF0240 00005C (v02 VBOX   VBOXAPIC 00000001 ASL  00000061)
[    0.000000] ACPI: SSDT 0x000000003FFF02A0 0001CC (v01 VBOX   VBOXCPUT 00000002 INTL 20100528)
[    0.000000] No NUMA configuration found
[    0.000000] Faking a node at [mem 0x0000000000000000-0x000000003ffeffff]
[    0.000000] NODE_DATA(0) allocated [mem 0x3ffeb000-0x3ffeffff]
[    0.000000] kvm-clock: Using msrs 4b564d01 and 4b564d00
[    0.000000] kvm-clock: cpu 0, msr 0:3ffe3001, primary cpu clock
[    0.000000] kvm-clock: using sched offset of 12479125241 cycles
[    0.000000] clocksource: kvm-clock: mask: 0xffffffffffffffff max_cycles: 0x1cd42e4dffb, max_idle_ns: 881590591483 ns
[    0.000000] Zone ranges:
[    0.000000]   DMA      [mem 0x0000000000001000-0x0000000000ffffff]
[    0.000000]   DMA32    [mem 0x0000000001000000-0x000000003ffeffff]
[    0.000000]   Normal   empty
[    0.000000]   Device   empty
[    0.000000] Movable zone start for each node
[    0.000000] Early memory node ranges
[    0.000000]   node   0: [mem 0x0000000000001000-0x000000000009efff]
[    0.000000]   node   0: [mem 0x0000000000100000-0x000000003ffeffff]
[    0.000000] Initmem setup node 0 [mem 0x0000000000001000-0x000000003ffeffff]
[    0.000000] ACPI: PM-Timer IO Port: 0x4008
[    0.000000] IOAPIC[0]: apic_id 2, version 32, address 0xfec00000, GSI 0-23
[    0.000000] ACPI: INT_SRC_OVR (bus 0 bus_irq 0 global_irq 2 dfl dfl)
[    0.000000] ACPI: INT_SRC_OVR (bus 0 bus_irq 9 global_irq 9 low level)
[    0.000000] Using ACPI (MADT) for SMP configuration information
[    0.000000] smpboot: Allowing 2 CPUs, 0 hotplug CPUs
[    0.000000] PM: Registered nosave memory: [mem 0x00000000-0x00000fff]
[    0.000000] PM: Registered nosave memory: [mem 0x0009f000-0x0009ffff]
[    0.000000] PM: Registered nosave memory: [mem 0x000a0000-0x000effff]
[    0.000000] PM: Registered nosave memory: [mem 0x000f0000-0x000fffff]
[    0.000000] e820: [mem 0x40000000-0xfebfffff] available for PCI devices
[    0.000000] Booting paravirtualized kernel on KVM
[    0.000000] clocksource: refined-jiffies: mask: 0xffffffff max_cycles: 0xffffffff, max_idle_ns: 7645519600211568 ns
[    0.000000] setup_percpu: NR_CPUS:512 nr_cpumask_bits:512 nr_cpu_ids:2 nr_node_ids:1
[    0.000000] PERCPU: Embedded 33 pages/cpu @ffff88003fc00000 s95448 r8192 d31528 u1048576
[    0.000000] Built 1 zonelists in Node order, mobility grouping on.  Total pages: 257912
[    0.000000] Policy zone: DMA32
[    0.000000] Kernel command line: BOOT_IMAGE=/boot/vmlinuz-4.4.0-178-generic root=LABEL=cloudimg-rootfs ro console=tty1 console=ttyS0
[    0.000000] PID hash table entries: 4096 (order: 3, 32768 bytes)
[    0.000000] Memory: 997672K/1048120K available (8626K kernel code, 1336K rwdata, 4036K rodata, 1488K init, 1292K bss, 50448K reserved, 0K cma-reserved)
[    0.000000] SLUB: HWalign=64, Order=0-3, MinObjects=0, CPUs=2, Nodes=1
[    0.000000] Kernel/User page tables isolation: enabled
[    0.000000] Hierarchical RCU implementation.
[    0.000000] 	Build-time adjustment of leaf fanout to 64.
[    0.000000] 	RCU restricting CPUs from NR_CPUS=512 to nr_cpu_ids=2.
[    0.000000] RCU: Adjusting geometry for rcu_fanout_leaf=64, nr_cpu_ids=2
[    0.000000] NR_IRQS:33024 nr_irqs:440 16
[    0.000000] Console: colour VGA+ 80x25
[    0.000000] console [tty1] enabled
[    0.000000] console [ttyS0] enabled
[    0.000000] tsc: Detected 2494.228 MHz processor
[    1.325695] Calibrating delay loop (skipped) preset value.. 4988.45 BogoMIPS (lpj=9976912)
[    1.338917] pid_max: default: 32768 minimum: 301
[    1.342497] ACPI: Core revision 20150930
[    1.377165] ACPI: 2 ACPI AML tables successfully acquired and loaded
[    1.390295] Security Framework initialized
[    1.393979] Yama: becoming mindful.
[    1.400698] AppArmor: AppArmor initialized
[    1.406377] Dentry cache hash table entries: 131072 (order: 8, 1048576 bytes)
[    1.432806] Inode-cache hash table entries: 65536 (order: 7, 524288 bytes)
[    1.441378] Mount-cache hash table entries: 2048 (order: 2, 16384 bytes)
[    1.452547] Mountpoint-cache hash table entries: 2048 (order: 2, 16384 bytes)
[    1.458585] Initializing cgroup subsys io
[    1.474287] Initializing cgroup subsys memory
[    1.484691] Initializing cgroup subsys devices
[    1.501062] Initializing cgroup subsys freezer
[    1.506326] Initializing cgroup subsys net_cls
[    1.511181] Initializing cgroup subsys perf_event
[    1.516502] Initializing cgroup subsys net_prio
[    1.520113] Initializing cgroup subsys hugetlb
[    1.524856] Initializing cgroup subsys pids
[    1.535927] mce: CPU supports 0 MCE banks
[    1.540209] Last level iTLB entries: 4KB 1024, 2MB 1024, 4MB 1024
[    1.582431] Last level dTLB entries: 4KB 1024, 2MB 1024, 4MB 1024, 1GB 4
[    1.587083] Spectre V1 : Mitigation: usercopy/swapgs barriers and __user pointer sanitization
[    1.601456] Spectre V2 : Mitigation: Full generic retpoline
[    1.606575] Spectre V2 : Spectre v2 / SpectreRSB mitigation: Filling RSB on context switch
[    1.617229] Speculative Store Bypass: Vulnerable
[    1.621869] MDS: Vulnerable: Clear CPU buffers attempted, no microcode
[    1.652082] Freeing SMP alternatives memory: 36K
[    1.736757] ftrace: allocating 32308 entries in 127 pages
[    2.187333] smpboot: APIC(0) Converting physical 0 to logical package 0
[    2.192783] smpboot: Max logical packages: 1
[    2.207365] x2apic enabled
[    2.225661] Switched APIC routing to physical x2apic.
[    2.251944] ..TIMER: vector=0x30 apic1=0 pin1=2 apic2=-1 pin2=-1
[    2.366519] APIC calibration not consistent with PM-Timer: 101ms instead of 100ms
[    2.375122] APIC delta adjusted to PM-Timer: 6241908 (6312095)
[    2.390154] smpboot: CPU0: Intel(R) Core(TM) i5-4300U CPU @ 1.90GHz (family: 0x6, model: 0x45, stepping: 0x1)
[    2.399052] Performance Events: unsupported p6 CPU model 69 no PMU driver, software events only.
[    2.468959] KVM setup paravirtual spinlock
[    2.483695] x86: Booting SMP configuration:
[    2.506792] .... node  #0, CPUs:      #1
[    2.515914] kvm-clock: cpu 1, msr 0:3ffe3041, secondary cpu clock
[    2.524388] mce: CPU supports 0 MCE banks
[    2.534302] x86: Booted up 1 node, 2 CPUs
[    2.538443] smpboot: Total of 2 processors activated (9976.91 BogoMIPS)
[    2.551127] devtmpfs: initialized
[    2.594737] evm: security.selinux
[    2.597627] evm: security.SMACK64
[    2.600374] evm: security.SMACK64EXEC
[    2.604421] evm: security.SMACK64TRANSMUTE
[    2.607409] evm: security.SMACK64MMAP
[    2.623603] evm: security.ima
[    2.625930] evm: security.capability
[    2.638487] clocksource: jiffies: mask: 0xffffffff max_cycles: 0xffffffff, max_idle_ns: 7645041785100000 ns
[    2.650990] futex hash table entries: 512 (order: 3, 32768 bytes)
[    2.680907] pinctrl core: initialized pinctrl subsystem
[    2.688755] RTC time: 11:25:26, date: 06/08/20
[    2.693584] NET: Registered protocol family 16
[    2.727371] cpuidle: using governor ladder
[    2.744187] cpuidle: using governor menu
[    2.750649] PCCT header not found.
[    2.754518] ACPI: bus type PCI registered
[    2.757186] acpiphp: ACPI Hot Plug PCI Controller Driver version: 0.5
[    2.761373] PCI: Using configuration type 1 for base access
[    2.804926] ACPI: Added _OSI(Module Device)
[    2.808417] ACPI: Added _OSI(Processor Device)
[    2.821095] ACPI: Added _OSI(3.0 _SCP Extensions)
[    2.825877] ACPI: Added _OSI(Processor Aggregator Device)
[    2.833860] ACPI: Executed 1 blocks of module-level executable AML code
[    2.869103] ACPI: Interpreter enabled
[    2.874492] ACPI: (supports S0 S5)
[    2.882651] ACPI: Using IOAPIC for interrupt routing
[    2.887792] PCI: Using host bridge windows from ACPI; if necessary, use "pci=nocrs" and report a bug
[    2.934069] ACPI: PCI Root Bridge [PCI0] (domain 0000 [bus 00-ff])
[    2.938221] acpi PNP0A03:00: _OSC: OS supports [ASPM ClockPM Segments MSI]
[    2.956209] acpi PNP0A03:00: _OSC: not requesting OS control; OS requires [ExtendedConfig ASPM ClockPM MSI]
[    2.965618] acpi PNP0A03:00: fail to add MMCONFIG information, can't access extended PCI configuration space under this bridge.
[    2.977440] PCI host bridge to bus 0000:00
[    2.987281] pci_bus 0000:00: root bus resource [io  0x0000-0x0cf7 window]
[    2.997087] pci_bus 0000:00: root bus resource [io  0x0d00-0xffff window]
[    3.007607] pci_bus 0000:00: root bus resource [mem 0x000a0000-0x000bffff window]
[    3.026779] pci_bus 0000:00: root bus resource [mem 0x40000000-0xfdffffff window]
[    3.035632] pci_bus 0000:00: root bus resource [bus 00-ff]
[    3.070722] pci 0000:00:01.1: legacy IDE quirk: reg 0x10: [io  0x01f0-0x01f7]
[    3.155765] pci 0000:00:01.1: legacy IDE quirk: reg 0x14: [io  0x03f6]
[    3.160134] pci 0000:00:01.1: legacy IDE quirk: reg 0x18: [io  0x0170-0x0177]
[    3.168363] pci 0000:00:01.1: legacy IDE quirk: reg 0x1c: [io  0x0376]
[    3.287826] pci 0000:00:07.0: quirk: [io  0x4000-0x403f] claimed by PIIX4 ACPI
[    3.297331] pci 0000:00:07.0: quirk: [io  0x4100-0x410f] claimed by PIIX4 SMB
[    3.378912] ACPI: PCI Interrupt Link [LNKA] (IRQs 5 9 10 *11)
[    3.385129] ACPI: PCI Interrupt Link [LNKB] (IRQs 5 9 *10 11)
[    3.392095] ACPI: PCI Interrupt Link [LNKC] (IRQs 5 *9 10 11)
[    3.399604] ACPI: PCI Interrupt Link [LNKD] (IRQs 5 9 10 *11)
[    3.407218] ACPI: Enabled 2 GPEs in block 00 to 07
[    3.419471] vgaarb: setting as boot device: PCI:0000:00:02.0
[    3.422875] vgaarb: device added: PCI:0000:00:02.0,decodes=io+mem,owns=io+mem,locks=none
[    3.429024] vgaarb: loaded
[    3.432010] vgaarb: bridge control possible 0000:00:02.0
[    3.437690] SCSI subsystem initialized
[    3.442450] ACPI: bus type USB registered
[    3.450176] usbcore: registered new interface driver usbfs
[    3.454250] usbcore: registered new interface driver hub
[    3.458663] usbcore: registered new device driver usb
[    3.475211] PCI: Using ACPI for IRQ routing
[    3.481259] NetLabel: Initializing
[    3.483928] NetLabel:  domain hash size = 128
[    3.507123] NetLabel:  protocols = UNLABELED CIPSOv4
[    3.541496] NetLabel:  unlabeled traffic allowed by default
[    3.553635] amd_nb: Cannot enumerate AMD northbridges
[    3.558240] clocksource: Switched to clocksource kvm-clock
[    3.672463] AppArmor: AppArmor Filesystem Enabled
[    3.677744] pnp: PnP ACPI init
[    3.690595] pnp: PnP ACPI: found 3 devices
[    3.717263] clocksource: acpi_pm: mask: 0xffffff max_cycles: 0xffffff, max_idle_ns: 2085701024 ns
[    3.725044] NET: Registered protocol family 2
[    3.729592] TCP established hash table entries: 8192 (order: 4, 65536 bytes)
[    3.737267] TCP bind hash table entries: 8192 (order: 5, 131072 bytes)
[    3.752960] TCP: Hash tables configured (established 8192 bind 8192)
[    3.758291] UDP hash table entries: 512 (order: 2, 16384 bytes)
[    3.767293] UDP-Lite hash table entries: 512 (order: 2, 16384 bytes)
[    3.783707] NET: Registered protocol family 1
[    3.787883] pci 0000:00:00.0: Limiting direct PCI/PCI transfers
[    3.797167] pci 0000:00:01.0: Activating ISA DMA hang workarounds
[    3.821027] Unpacking initramfs...
[    5.697460] Freeing initrd memory: 14880K
[    5.706077] RAPL PMU detected, API unit is 2^-32 Joules, 4 fixed counters 10737418240 ms ovfl timer
[    5.721068] hw unit of domain pp0-core 2^-0 Joules
[    5.728134] hw unit of domain package 2^-0 Joules
[    5.736397] hw unit of domain dram 2^-0 Joules
[    5.741748] hw unit of domain pp1-gpu 2^-0 Joules
[    5.747415] clocksource: tsc: mask: 0xffffffffffffffff max_cycles: 0x23f3ed6cc7b, max_idle_ns: 440795302954 ns
[    5.758020] platform rtc_cmos: registered platform RTC device (no PNP device found)
[    5.770262] Scanning for low memory corruption every 60 seconds
[    5.814684] audit: initializing netlink subsys (disabled)
[    5.819513] audit: type=2000 audit(1591615541.587:1): initialized
[    5.825604] Initialise system trusted keyring
[    5.829342] HugeTLB registered 2 MB page size, pre-allocated 0 pages
[    5.841393] zbud: loaded
[    5.853125] VFS: Disk quotas dquot_6.6.0
[    5.856555] VFS: Dquot-cache hash table entries: 512 (order 0, 4096 bytes)
[    5.864034] squashfs: version 4.0 (2009/01/31) Phillip Lougher
[    5.869865] fuse init (API version 7.23)
[    5.873636] Key type big_key registered
[    5.877232] Allocating IMA MOK and blacklist keyrings.
[    5.885603] Key type asymmetric registered
[    5.889367] Asymmetric key parser 'x509' registered
[    5.897383] Block layer SCSI generic (bsg) driver version 0.4 loaded (major 249)
[    5.927853] io scheduler noop registered
[    5.934041] io scheduler deadline registered (default)
[    5.937540] io scheduler cfq registered
[    5.941287] pci_hotplug: PCI Hot Plug PCI Core version: 0.5
[    5.947030] pciehp: PCI Express Hot Plug Controller Driver version: 0.4
[    5.968285] ACPI: AC Adapter [AC] (on-line)
[    5.971411] input: Power Button as /devices/LNXSYSTM:00/LNXPWRBN:00/input/input0
[    5.977314] ACPI: Power Button [PWRF]
[    5.984531] input: Sleep Button as /devices/LNXSYSTM:00/LNXSLPBN:00/input/input1
[    5.992772] ACPI: Sleep Button [SLPF]
[    6.007796] GHES: HEST is not enabled!
[    6.013799] ACPI: Battery Slot [BAT0] (battery present)
[    6.018778] Serial: 8250/16550 driver, 32 ports, IRQ sharing enabled
[    6.066492] 00:02: ttyS0 at I/O 0x3f8 (irq = 4, base_baud = 115200) is a 16550A
[    6.080166] Linux agpgart interface v0.103
[    6.088729] loop: module loaded
[    6.101070] scsi host0: ata_piix
[    6.104940] scsi host1: ata_piix
[    6.107705] ata1: PATA max UDMA/33 cmd 0x1f0 ctl 0x3f6 bmdma 0xd000 irq 14
[    6.113196] ata2: PATA max UDMA/33 cmd 0x170 ctl 0x376 bmdma 0xd008 irq 15
[    6.117753] libphy: Fixed MDIO Bus: probed
[    6.120455] tun: Universal TUN/TAP device driver, 1.6
[    6.124300] tun: (C) 1999-2004 Max Krasnyansky <maxk@qualcomm.com>
[    6.130538] PPP generic driver version 2.4.2
[    6.135314] ehci_hcd: USB 2.0 'Enhanced' Host Controller (EHCI) Driver
[    6.141010] ehci-pci: EHCI PCI platform driver
[    6.148200] ehci-platform: EHCI generic platform driver
[    6.165111] ohci_hcd: USB 1.1 'Open' Host Controller (OHCI) Driver
[    6.174410] ohci-pci: OHCI PCI platform driver
[    6.185572] ohci-platform: OHCI generic platform driver
[    6.204549] uhci_hcd: USB Universal Host Controller Interface driver
[    6.217153] i8042: PNP: PS/2 Controller [PNP0303:PS2K,PNP0f03:PS2M] at 0x60,0x64 irq 1,12
[    6.228645] serio: i8042 KBD port at 0x60,0x64 irq 1
[    6.232872] serio: i8042 AUX port at 0x60,0x64 irq 12
[    6.236740] mousedev: PS/2 mouse device common for all mice
[    6.246622] input: AT Translated Set 2 keyboard as /devices/platform/i8042/serio0/input/input2
[    6.262108] rtc_cmos rtc_cmos: rtc core: registered rtc_cmos as rtc0
[    6.269831] rtc_cmos rtc_cmos: alarms up to one day, 114 bytes nvram
[    6.276038] i2c /dev entries driver
[    6.279657] device-mapper: uevent: version 1.0.3
[    6.283908] device-mapper: ioctl: 4.34.0-ioctl (2015-10-28) initialised: dm-devel@redhat.com
[    6.289711] ledtrig-cpu: registered to indicate activity on CPUs
[    6.295231] NET: Registered protocol family 10
[    6.301461] NET: Registered protocol family 17
[    6.323284] Key type dns_resolver registered
[    6.351258] registered taskstats version 1
[    6.354748] Loading compiled-in X.509 certificates
[    6.365988] Loaded X.509 cert 'Build time autogenerated kernel key: f33c437cc9123d9712070bdfe932b55b24c56047'
[    6.375633] zswap: loaded using pool lzo/zbud
[    6.391275] Key type trusted registered
[    6.413214] Key type encrypted registered
[    6.418173] AppArmor: AppArmor sha1 policy hashing enabled
[    6.422006] ima: No TPM chip found, activating TPM-bypass!
[    6.425799] ima: Allocated hash algorithm: sha1
[    6.431150] evm: HMAC attrs: 0x1
[    6.436725]   Magic number: 8:141:428
[    6.440541] rtc_cmos rtc_cmos: setting system clock to 2020-06-08 11:25:29 UTC (1591615529)
[    6.470947] BIOS EDD facility v0.16 2004-Jun-25, 0 devices found
[    6.483755] EDD information not available.
[    6.525866] Freeing unused kernel memory: 1488K
[    6.532771] Write protecting the kernel read-only data: 14336k
[    6.542716] Freeing unused kernel memory: 1604K
[    6.552553] Freeing unused kernel memory: 60K
Loading, please wait...
starting version 229
[    6.652743] random: systemd-udevd: uninitialized urandom read (16 bytes read, 3 bits of entropy available)
[    6.654658] random: udevadm: uninitialized urandom read (16 bytes read, 3 bits of entropy available)
[    6.654704] random: udevadm: uninitialized urandom read (16 bytes read, 3 bits of entropy available)
[    6.684383] random: systemd-udevd: uninitialized urandom read (16 bytes read, 3 bits of entropy available)
[    6.703595] random: systemd-udevd: uninitialized urandom read (16 bytes read, 3 bits of entropy available)
[    6.736793] random: udevadm: uninitialized urandom read (16 bytes read, 3 bits of entropy available)
[    6.737380] random: udevadm: uninitialized urandom read (16 bytes read, 3 bits of entropy available)
[    6.739436] random: udevadm: uninitialized urandom read (16 bytes read, 3 bits of entropy available)
[    6.739774] random: udevadm: uninitialized urandom read (16 bytes read, 3 bits of entropy available)
[    6.740197] random: udevadm: uninitialized urandom read (16 bytes read, 3 bits of entropy available)
[    7.253680] e1000: Intel(R) PRO/1000 Network Driver - version 7.3.21-k8-NAPI
[    7.258008] e1000: Copyright (c) 1999-2006 Intel Corporation.
[    7.267379] Fusion MPT base driver 3.04.20
[    7.270440] Copyright (c) 1999-2008 LSI Corporation
[    7.392267] Fusion MPT SPI Host driver 3.04.20
[    7.503620] AVX2 version of gcm_enc/dec engaged.
[    7.508150] AES CTR mode by8 optimization enabled
[    7.605335] input: ImExPS/2 Generic Explorer Mouse as /devices/platform/i8042/serio1/input/input4
[    8.803318] e1000 0000:00:03.0 eth0: (PCI:33MHz:32-bit) 02:cb:9c:89:30:63
[    8.822941] e1000 0000:00:03.0 eth0: Intel(R) PRO/1000 Network Connection
[    8.837799] mptbase: ioc0: Initiating bringup
[    8.903991] ioc0: LSI53C1030 A0: Capabilities={Initiator}
[    9.088441] scsi host2: ioc0: LSI53C1030 A0, FwRev=00000000h, Ports=1, MaxQ=256, IRQ=20
[    9.214637] scsi 2:0:0:0: Direct-Access     VBOX     HARDDISK         1.0  PQ: 0 ANSI: 5
[    9.220103] scsi target2:0:0: Beginning Domain Validation
[    9.241582] scsi target2:0:0: Domain Validation skipping write tests
[    9.346769] scsi target2:0:0: Ending Domain Validation
[    9.373413] scsi target2:0:0: asynchronous
[    9.385097] scsi 2:0:1:0: Direct-Access     VBOX     HARDDISK         1.0  PQ: 0 ANSI: 5
[    9.395342] scsi target2:0:1: Beginning Domain Validation
[    9.438486] scsi target2:0:1: Domain Validation skipping write tests
[    9.442734] scsi target2:0:1: Ending Domain Validation
[    9.448805] scsi target2:0:1: asynchronous
[    9.508133] sd 2:0:0:0: Attached scsi generic sg0 type 0
[    9.515452] sd 2:0:0:0: [sda] 20971520 512-byte logical blocks: (10.7 GB/10.0 GiB)
[    9.521823] sd 2:0:1:0: [sdb] 20480 512-byte logical blocks: (10.5 MB/10.0 MiB)
[    9.528825] sd 2:0:0:0: [sda] Write Protect is off
[    9.534540] sd 2:0:1:0: Attached scsi generic sg1 type 0
[    9.548866] sd 2:0:1:0: [sdb] Write Protect is off
[    9.554511] sd 2:0:0:0: [sda] Incomplete mode parameter data
[    9.558127] sd 2:0:0:0: [sda] Assuming drive cache: write through
[    9.563448] sd 2:0:1:0: [sdb] Incomplete mode parameter data
[    9.567079] sd 2:0:1:0: [sdb] Assuming drive cache: write through
[    9.582804]  sda: sda1
[    9.587235] sd 2:0:1:0: [sdb] Attached SCSI disk
[    9.595720] sd 2:0:0:0: [sda] Attached SCSI disk
[   10.801504] e1000 0000:00:08.0 eth1: (PCI:33MHz:32-bit) 08:00:27:b4:96:e1
[   10.806510] e1000 0000:00:08.0 eth1: Intel(R) PRO/1000 Network Connection
[   10.820152] e1000 0000:00:03.0 enp0s3: renamed from eth0
[   10.864182] e1000 0000:00:08.0 enp0s8: renamed from eth1
Begin: Loading essential drivers ... [   15.554757] md: linear personality registered for level -1
[   15.572425] md: multipath personality registered for level -4
[   15.607354] md: raid0 personality registered for level 0
[   15.682562] md: raid1 personality registered for level 1
[   15.780850] raid6: sse2x1   gen()   478 MB/s
[   15.867664] raid6: sse2x1   xor()   153 MB/s
[   15.940314] raid6: sse2x2   gen()   840 MB/s
[   16.059360] raid6: sse2x2   xor()   670 MB/s
[   16.135967] raid6: sse2x4   gen()   725 MB/s
[   16.238648] raid6: sse2x4   xor()   967 MB/s
[   16.338980] raid6: avx2x1   gen()   705 MB/s
[   16.456569] raid6: avx2x2   gen()  1841 MB/s
[   16.554498] raid6: avx2x4   gen()  1909 MB/s
[   16.559897] raid6: using algorithm avx2x4 gen() 1909 MB/s
[   16.585261] raid6: using avx2x2 recovery algorithm
[   16.613306] xor: automatically using best checksumming function:
[   16.683695]    avx       :  5446.000 MB/sec
[   16.715044] async_tx: api initialized (async)
[   16.821990] md: raid6 personality registered for level 6
[   16.846894] md: raid5 personality registered for level 5
[   16.853891] md: raid4 personality registered for level 4
[   16.915895] md: raid10 personality registered for level 10
done.
Begin: Running /scripts/init-premount ... done.
Begin: Mounting root file system ... Begin: Running /scripts/local-top ... done.
Begin: Running /scripts/local-premount ... [   17.196133] Btrfs loaded
Scanning for Btrfs filesystems
done.
Warning: fsck not present, so skipping root file system
[   17.380278] EXT4-fs (sda1): INFO: recovery required on readonly filesystem
[   17.396669] EXT4-fs (sda1): write access will be enabled during recovery
[   17.534034] EXT4-fs (sda1): recovery complete
[   17.540195] EXT4-fs (sda1): mounted filesystem with ordered data mode. Opts: (null)
done.
Begin: Running /scripts/local-bottom ... done.
Begin: Running /scripts/init-bottom ... done.
[   18.419895] systemd[1]: systemd 229 running in system mode. (+PAM +AUDIT +SELINUX +IMA +APPARMOR +SMACK +SYSVINIT +UTMP +LIBCRYPTSETUP +GCRYPT +GNUTLS +ACL +XZ -LZ4 +SECCOMP +BLKID +ELFUTILS +KMOD -IDN)
[   18.448239] systemd[1]: Detected virtualization oracle.
[   18.454003] systemd[1]: Detected architecture x86-64.

Welcome to [1mUbuntu 16.04.6 LTS[0m!

[   18.473683] systemd[1]: Set hostname to <ubuntu-xenial>.
[   18.787149] random: nonblocking pool is initialized
[   19.336277] systemd[1]: Listening on udev Kernel Socket.
[[0;32m  OK  [0m] Listening on udev Kernel Socket.
[   19.354213] systemd[1]: Created slice User and Session Slice.
[[0;32m  OK  [0m] Created slice User and Session Slice.
[   19.369702] systemd[1]: Listening on LVM2 poll daemon socket.
[[0;32m  OK  [0m] Listening on LVM2 poll daemon socket.
[   19.450356] systemd[1]: Listening on Journal Socket (/dev/log).
[[0;32m  OK  [0m] Listening on Journal Socket (/dev/log).
[   19.460144] systemd[1]: Listening on Journal Audit Socket.
[[0;32m  OK  [0m] Listening on Journal Audit Socket.
[   19.473601] systemd[1]: Listening on LVM2 metadata daemon socket.
[[0;32m  OK  [0m] Listening on LVM2 metadata daemon socket.
[   19.530299] systemd[1]: Reached target Encrypted Volumes.
[[0;32m  OK  [0m] Reached target Encrypted Volumes.
[   19.540774] systemd[1]: Started Forward Password Requests to Wall Directory Watch.
[[0;32m  OK  [0m] Started Forward Password Requests to Wall Directory Watch.
[   19.551570] systemd[1]: Reached target User and Group Name Lookups.
[[0;32m  OK  [0m] Reached target User and Group Name Lookups.
[   19.563360] systemd[1]: Listening on Device-mapper event daemon FIFOs.
[[0;32m  OK  [0m] Listening on Device-mapper event daemon FIFOs.
[   19.588312] systemd[1]: Listening on Journal Socket.
[[0;32m  OK  [0m] Listening on Journal Socket.
[   19.606451] systemd[1]: Reached target Swap.
[[0;32m  OK  [0m] Reached target Swap.
[   19.619435] systemd[1]: Created slice System Slice.
[[0;32m  OK  [0m] Created slice System Slice.
[   19.683146] systemd[1]: Starting Monitoring of LVM2 mirrors, snapshots etc. using dmeventd or progress polling...
         Starting Monitoring of LVM2 mirrors... dmeventd or progress polling...
[   19.698825] systemd[1]: Starting Uncomplicated firewall...
         Starting Uncomplicated firewall...
[   19.737366] systemd[1]: Mounting Debug File System...
         Mounting Debug File System...
[   19.815268] systemd[1]: Starting Load Kernel Modules...
         Starting Load Kernel Modules...
[   19.834384] systemd[1]: Starting Set console keymap...
         Starting Set console keymap...
[   20.019779] systemd[1]: Created slice system-serial\x2dgetty.slice.
[[0;32m  OK  [0m] Created slice system-serial\x2dgetty.slice.
[   20.051516] systemd[1]: Reached target Slices.
[[0;32m  OK  [0m] Reached target Slices.
[   20.122853] Loading iSCSI transport class v2.0-870.
[   20.123490] systemd[1]: Set up automount Arbitrary Executable File Formats File System Automount Point.
[[0;32m  OK  [0m] Set up automount Arbitrary Executab...ats File System Automount Point.
[   20.143883] systemd[1]: Listening on Syslog Socket.
[[0;32m  OK  [0m] Listening on Syslog Socket.
[   20.178971] iscsi: registered transport (tcp)
[   20.184660] systemd[1]: Starting Journal Service...
         Starting Journal Service...
[   20.207577] systemd[1]: Starting Remount Root and Kernel File Systems...
         Starting Remount Root and Kernel File Systems...
[   20.265472] systemd[1]: Listening on /dev/initctl Compatibility Named Pipe.
[[0;32m  OK  [0m] Listening on /dev/initctl Compat[   20.298908] EXT4-fs (sda1): re-mounted. Opts: (null)
ibility Named Pipe.
[   20.332007] systemd[1]: Mounting Huge Pages File System...
         Mounting Huge Pages File System...
[   20.377451] systemd[1]: Listening on udev Control Socket.
[[0;32m  OK  [0m] Listening on udev Control Socket.
[   20.443402] systemd[1]: Reached target System Time Synchronized.
[[0;32m  OK  [0m] Reached target System Time Synchronized.
[   20.546708] systemd[1]: Starting Create list of required static device nodes for the current kernel...
         Starting Create list of required st... nodes for the current kernel...
[   20.621642] systemd[1]: Starting Nameserver information manager...
         Starting Nameserver information manager...
[   20.636443] systemd[1]: Started Trigger resolvconf update for networkd DNS.
[[0;32m  OK  [0m] Started Trigger resolvconf update for networkd DNS.
[   20.663350] systemd[1]: Mounting POSIX Message Queue File System...
         Mounting POSIX Message Queue File System...
[   20.707525] systemd[1]: Mounted POSIX Message Queue File System.
[[0;32m  OK  [0m] Mounted POSIX Message Queue File System.
[   20.739636] systemd[1]: Mounted Debug File System.
[[0;32m  OK  [0m] Mounted Debug File System.
[   20.762092] systemd[1]: Mounted Huge Pages File System.
[[0;32m  OK  [0m] Mounted Huge Pages File System.
[   20.779672] systemd[1]: Started Journal Service.
[[0;32m  OK  [0m] Started Journal Service.
[[0;32m  OK  [0m] Started Uncomplicated firewall.
[[0;32m  OK  [0m] Started Remount Root and Kernel File Systems.
[[0;32m  OK  [0m] Started Create list of required sta...ce nodes for the current kernel.
[[0;32m  OK  [0m] Started Set console keymap.
[   20.844295] iscsi: registered transport (iser)
[[0;32m  OK  [0m] Started Load Kernel Modules.
[[0;32m  OK  [0m] Started Nameserver information manager.
[[0;32m  OK  [0m] Started LVM2 metadata daemon.
         Starting Apply Kernel Variables...
         Mounting FUSE Control File System...
         Starting Create Static Device Nodes in /dev...
         Starting Load/Save Random Seed...
         Starting udev Coldplug all Devices...
         Starting Flush Journal to Persistent Storage...
[[0;32m  OK  [0m] Mounted FUSE Control File System.
[[0;32m  OK  [0m] Started Apply Kernel Variables.
[[0;32m  OK  [0m] Started Load/Save Random Seed.
[[0;32m  OK  [0m] Started Monitoring of LVM2 mirrors,...ng dmeventd or progress polling.
[[0;32m  OK  [0m] Started Create Static Device Nodes in /dev.
         Starting udev Kernel Device Manager...
[[0;32m  OK  [0m] Reached target Local File Systems (Pre).
[[0;32m  OK  [0m] Reached target Local File Systems.
         Starting Set console font and keymap...
         Starting Initial cloud-init job (pre-networking)...
         Starting LSB: AppArmor initialization...
         Starting Tell Plymouth To Write Out Runtime Data...
[[0;32m  OK  [0m] Started Flush Journal to Persistent Storage.
         Starting Create Volatile Files and Directories...
[[0;32m  OK  [0m] Started Tell Plymouth To Write Out Runtime Data.
[[0;32m  OK  [0m] Started Create Volatile Files and Directories.
         Starting Update UTMP about System Boot/Shutdown...
[[0;32m  OK  [0m] Started Update UTMP about System Boot/Shutdown.
[[0;32m  OK  [0m] Started udev Kernel Device Manager.
[[0;32m  OK  [0m] Started udev Coldplug all Devices.
[[0;32m  OK  [0m] Started Dispatch Password Requests to Console Directory Watch.
[[0;32m  OK  [0m] Started LSB: AppArmor initialization.
[[0;32m  OK  [0m] Found device /dev/ttyS0.
[[0;32m  OK  [0m] Found device 82540EM Gigabit Ethern...r (PRO/1000 MT Desktop Adapter).
[[0;32m  OK  [0m] Listening on Load/Save RF Kill Switch Status /dev/rfkill Watch.
[[0;32m  OK  [0m] Found device 82540EM Gigabit Ethern...r (PRO/1000 MT Desktop Adapter).
[   29.542288] cloud-init[472]: Cloud-init v. 19.4-33-gbb4131a2-0ubuntu1~16.04.1 running 'init-local' at Mon, 08 Jun 2020 11:25:51 +0000. Up 26.40 seconds.
[[0;32m  OK  [0m] Started Initial cloud-init job (pre-networking).
[[0;32m  OK  [0m] Started Set console font and keymap.
[[0;32m  OK  [0m] Created slice system-getty.slice.
[[0;32m  OK  [0m] Reached target Network (Pre).
         Starting Raise network interfaces...
[[0;32m  OK  [0m] Started ifup for enp0s3.
[[0;32m  OK  [0m] Started ifup for enp0s8.
[[0;32m  OK  [0m] Started Raise network interfaces.
[[0;32m  OK  [0m] Reached target Network.
         Starting Initial cloud-init job (metadata service crawler)...
[   40.613820] cloud-init[1123]: Cloud-init v. 19.4-33-gbb4131a2-0ubuntu1~16.04.1 running 'init' at Mon, 08 Jun 2020 11:26:02 +0000. Up 37.09 seconds.
[   40.620721] cloud-init[1123]: ci-info: +++++++++++++++++++++++++++++++++++++++++++++Net device info++++++++++++++++++++++++++++++++++++++++++++++
[   40.626929] cloud-init[1123]: ci-info: +--------+------+-------------------------------------------+---------------+--------+-------------------+
[   40.635193] cloud-init[1123]: ci-info: | Device |  Up  |                  Address                  |      Mask     | Scope  |     Hw-Address    |
[   40.640366] cloud-init[1123]: ci-info: +--------+------+-------------------------------------------+---------------+--------+-------------------+
[   40.676911] cloud-init[1123]: ci-info: | enp0s3 | True |                 10.0.2.15                 | 255.255.255.0 | global | 02:cb:9c:89:30:63 |
[   40.686449] cloud-init[1123]: ci-info: | enp0s3 | True |         fe80::cb:9cff:fe89:3063/64        |       .       |  link  | 02:cb:9c:89:30:63 |
[   40.691800] cloud-init[1123]: ci-info: | enp0s8 | True |               192.168.1.125               | 255.255.255.0 | global | 08:00:27:b4:96:e1 |
[   40.697685] cloud-init[1123]: ci-info: | enp0s8 | True | 2a02:1205:c69a:c0f0:a00:27ff:feb4:96e1/64 |       .       | global | 08:00:27:b4:96:e1 |
[   40.744588] cloud-init[1123]: ci-info: | enp0s8 | True |        fe80::a00:27ff:feb4:96e1/64        |       .       |  link  | 08:00:27:b4:96:e1 |
[   40.777215] cloud-init[1123]: ci-info: |   lo   | True |                 127.0.0.1                 |   255.0.0.0   |  host  |         .         |
[   40.784141] cloud-init[1123]: ci-info: |   lo   | True |                  ::1/128                  |       .       |  host  |         .         |
[   40.794584] cloud-init[1123]: ci-info: +--------+------+-------------------------------------------+---------------+--------+-------------------+
[   40.801131] cloud-init[1123]: ci-info: +++++++++++++++++++++++++++Route IPv4 info++++++++++++++++++++++++++++
[   40.821798] cloud-init[1123]: ci-info: +-------+-------------+----------+---------------+-----------+-------+
[   40.827290] cloud-init[1123]: ci-info: | Route | Destination | Gateway  |    Genmask    | Interface | Flags |
[   40.833006] cloud-init[1123]: ci-info: +-------+-------------+----------+---------------+-----------+-------+
[   40.839193] cloud-init[1123]: ci-info: |   0   |   0.0.0.0   | 10.0.2.2 |    0.0.0.0    |   enp0s3  |   UG  |
[   40.857558] cloud-init[1123]: ci-info: |   1   |   10.0.2.0  | 0.0.0.0  | 255.255.255.0 |   enp0s3  |   U   |
[   40.890288] cloud-init[1123]: ci-info: |   2   | 192.168.1.0 | 0.0.0.0  | 255.255.255.0 |   enp0s8  |   U   |
[   40.895888] cloud-init[1123]: ci-info: +-------+-------------+----------+---------------+-----------+-------+
[   40.907565] cloud-init[1123]: ci-info: ++++++++++++++++++++++++++++++++++Route IPv6 info+++++++++++++++++++++++++++++++++++
[   40.921267] cloud-init[1123]: ci-info: +-------+--------------------------+---------------------------+-----------+-------+
[   40.937600] cloud-init[1123]: ci-info: | Route |       Destination        |          Gateway          | Interface | Flags |
[   40.957900] cloud-init[1123]: ci-info: +-------+--------------------------+---------------------------+-----------+-------+
[   40.978962] cloud-init[1123]: ci-info: |   0   | 2a02:1205:c69a:c0f0::/64 |             ::            |   enp0s8  |   Ue  |
[   40.988109] cloud-init[1123]: ci-info: |   1   |        fe80::/64         |             ::            |   enp0s3  |   U   |
[   41.003617] cloud-init[1123]: ci-info: |   2   |        fe80::/64         |             ::            |   enp0s8  |   U   |
[   41.010612] cloud-init[1123]: ci-info: |   3   |           ::/0           | fe80::a2b5:49ff:fe13:61d0 |   enp0s8  |  UGe  |
[   41.017001] cloud-init[1123]: ci-info: |   9   |         ff00::/8         |             ::            |   enp0s3  |   U   |
[   41.048527] cloud-init[1123]: ci-info: |   10  |         ff00::/8         |             ::            |   enp0s8  |   U   |
[   41.077942] cloud-init[1123]: ci-info: +-------+--------------------------+---------------------------+-----------+-------+
[[0;32m  OK  [0m] Started Initial cloud-init job (metadata service crawler).
[[0;32m  OK  [0m] Reached target Cloud-config availability.
[[0;32m  OK  [0m] Reached target Network is Online.
         Starting iSCSI initiator daemon (iscsid)...
[[0;32m  OK  [0m] Reached target System Initialization.
[[0;32m  OK  [0m] Listening on D-Bus System Message Bus Socket.
[[0;32m  OK  [0m] Listening on UUID daemon activation socket.
[[0;32m  OK  [0m] Started ACPI Events Check.
[[0;32m  OK  [0m] Reached target Paths.
[[0;32m  OK  [0m] Started Message of the Day.
[[0;32m  OK  [0m] Listening on ACPID Listen Socket.
         Starting LXD - unix socket.
         Starting Socket activation for snappy daemon.
[[0;32m  OK  [0m] Started Daily apt download activities.
[[0;32m  OK  [0m] Started Daily apt upgrade and clean activities.
[[0;32m  OK  [0m] Started Daily Cleanup of Temporary Directories.
[[0;32m  OK  [0m] Reached target Timers.
[[0;32m  OK  [0m] Listening on LXD - unix socket.
[[0;32m  OK  [0m] Listening on Socket activation for snappy daemon.
[[0;32m  OK  [0m] Reached target Sockets.
[[0;32m  OK  [0m] Reached target Basic System.
         Starting Login Service...
         Starting LSB: MD monitoring daemon...
[[0;32m  OK  [0m] Started Deferred execution scheduler.
[[0;32m  OK  [0m] Started Regular background program processing daemon.
         Starting Message of the Day...
[[0;32m  OK  [0m] Started D-Bus System Message Bus.
[[0;32m  OK  [0m] Started ACPI event daemon.
         Starting Virtualbox guest utils...
         Starting Snappy daemon...
         Starting LXD - container startup/shutdown...
         Starting OpenBSD Secure Shell server...
         Starting System Logging Service...
[[0;32m  OK  [0m] Started FUSE filesystem for LXC.
         Starting Accounts Service...
         Starting /etc/rc.local Compatibility...
         Starting LSB: Record successful boot for GRUB...
[[0;32m  OK  [0m] Started iSCSI initiator daemon (iscsid).
[[0;32m  OK  [0m] Started /etc/rc.local Compatibility.
         Starting Login to default iSCSI targets...
[[0;32m  OK  [0m] Started System Logging Service.
[[0;32m  OK  [0m] Started Login Service.
[[0;32m  OK  [0m] Started Unattended Upgrades Shutdown.
[[0;32m  OK  [0m] Started LSB: MD monitoring daemon.
[[0;32m  OK  [0m] Started LSB: Record successful boot for GRUB.
[[0;32m  OK  [0m] Started Login to default iSCSI targets.
[[0;32m  OK  [0m] Reached target Remote File Systems (Pre).
[[0;32m  OK  [0m] Reached target Remote File Systems.
         Starting Permit User Sessions...
         Starting LSB: Set the CPU Frequency Scaling governor to "ondemand"...
         Starting LSB: automatic crash report generation...
         Starting LSB: daemon to balance interrupts for SMP systems...
         Starting LSB: Apache2 web server...
[[0;32m  OK  [0m] Started Permit User Sessions.
         Starting Terminate Plymouth Boot Screen...
         Starting Hold until boot process finishes up...
[[0;32m  OK  [0m] Started Terminate Plymouth Boot Screen.
[[0;32m  OK  [0m] Started Hold until boot process finishes up.
[[0;32m  OK  [0m] Started Serial Getty on ttyS0.
         Starting Set console scheme...
[[0;32m  OK  [0m] Started Getty on tty1.
[[0;32m  OK  [0m] Reached target Login Prompts.
[[0;32m  OK  [0m] Started OpenBSD Secure Shell server.
[[0;32m  OK  [0m] Started Set console scheme.
         Starting Authenticate and Authorize Users to Run Privileged Tasks...
[[0;32m  OK  [0m] Started LSB: Set the CPU Frequency Scaling governor to "ondemand".
[[0;32m  OK  [0m] Started LSB: daemon to balance interrupts for SMP systems.
[[0;32m  OK  [0m] Started LXD - container startup/shutdown.
[[0;32m  OK  [0m] Started LSB: automatic crash report generation.
[[0;32m  OK  [0m] Started Authenticate and Authorize Users to Run Privileged Tasks.
[[0;32m  OK  [0m] Started Virtualbox guest utils.
[[0;32m  OK  [0m] Started Accounts Service.
[[0;32m  OK  [0m] Started Snappy daemon.
         Starting Wait until snapd is fully seeded...
[[0;32m  OK  [0m] Started Wait until snapd is fully seeded.
         Starting Apply the settings specified in cloud-config...
[[0;32m  OK  [0m] Started LSB: Apache2 web server.
[[0;32m  OK  [0m] Reached target Multi-User System.
[[0;32m  OK  [0m] Reached target Graphical Interface.
         Starting Update UTMP about System Runlevel Changes...
[[0;32m  OK  [0m] Started Update UTMP about System Runlevel Changes.

Ubuntu 16.04.6 LTS ubuntu-xenial ttyS0

ubuntu-xenial login: [   51.113073] cloud-init[1500]: Cloud-init v. 19.4-33-gbb4131a2-0ubuntu1~16.04.1 running 'modules:config' at Mon, 08 Jun 2020 11:26:15 +0000. Up 49.99 seconds.
[   57.230660] cloud-init[1541]: Cloud-init v. 19.4-33-gbb4131a2-0ubuntu1~16.04.1 running 'modules:final' at Mon, 08 Jun 2020 11:26:21 +0000. Up 55.85 seconds.
[   57.232189] cloud-init[1541]: Cloud-init v. 19.4-33-gbb4131a2-0ubuntu1~16.04.1 finished at Mon, 08 Jun 2020 11:26:22 +0000. Datasource DataSourceNoCloud [seed=/dev/sdb][dsmode=net].  Up 57.10 seconds
[[0;32m  OK  [0m] Started ACPI event daemon.
[[0;32m  OK  [0m] Started ACPI event daemon.
[[0;32m  OK  [0m] Started Daily apt upgrade and clean activities.
[[0;32m  OK  [0m] Started Daily apt download activities.
[[0;32m  OK  [0m] Started Daily apt upgrade and clean activities.
